Release 14.7 - xst P.20131013 (nt64)
Copyright (c) 1995-2013 Xilinx, Inc.  All rights reserved.
--> Parameter TMPDIR set to xst/projnav.tmp


Total REAL time to Xst completion: 0.00 secs
Total CPU time to Xst completion: 0.13 secs
 
--> Parameter xsthdpdir set to xst


Total REAL time to Xst completion: 0.00 secs
Total CPU time to Xst completion: 0.13 secs
 
--> Reading design: baud_rate_generator.prj

TABLE OF CONTENTS
  1) Synthesis Options Summary
  2) HDL Parsing
  3) HDL Elaboration
  4) HDL Synthesis
       4.1) HDL Synthesis Report
  5) Advanced HDL Synthesis
       5.1) Advanced HDL Synthesis Report
  6) Low Level Synthesis
  7) Partition Report
  8) Design Summary
       8.1) Primitive and Black Box Usage
       8.2) Device utilization summary
       8.3) Partition Resource Summary
       8.4) Timing Report
            8.4.1) Clock Information
            8.4.2) Asynchronous Control Signals Information
            8.4.3) Timing Summary
            8.4.4) Timing Details
            8.4.5) Cross Clock Domains Report


=========================================================================
*                      Synthesis Options Summary                        *
=========================================================================
---- Source Parameters
Input File Name                    : "baud_rate_generator.prj"
Ignore Synthesis Constraint File   : NO

---- Target Parameters
Output File Name                   : "baud_rate_generator"
Output Format                      : NGC
Target Device                      : xc6slx45-3-csg324

---- Source Options
Top Module Name                    : baud_rate_generator
Automatic FSM Extraction           : YES
FSM Encoding Algorithm             : Auto
Safe Implementation                : No
FSM Style                          : LUT
RAM Extraction                     : Yes
RAM Style                          : Auto
ROM Extraction                     : Yes
Shift Register Extraction          : YES
ROM Style                          : Auto
Resource Sharing                   : YES
Asynchronous To Synchronous        : NO
Shift Register Minimum Size        : 2
Use DSP Block                      : Auto
Automatic Register Balancing       : No

---- Target Options
LUT Combining                      : Auto
Reduce Control Sets                : Auto
Add IO Buffers                     : YES
Global Maximum Fanout              : 100000
Add Generic Clock Buffer(BUFG)     : 16
Register Duplication               : YES
Optimize Instantiated Primitives   : NO
Use Clock Enable                   : Auto
Use Synchronous Set                : Auto
Use Synchronous Reset              : Auto
Pack IO Registers into IOBs        : Auto
Equivalent register Removal        : YES

---- General Options
Optimization Goal                  : Speed
Optimization Effort                : 1
Power Reduction                    : NO
Keep Hierarchy                     : No
Netlist Hierarchy                  : As_Optimized
RTL Output                         : Yes
Global Optimization                : AllClockNets
Read Cores                         : YES
Write Timing Constraints           : NO
Cross Clock Analysis               : NO
Hierarchy Separator                : /
Bus Delimiter                      : <>
Case Specifier                     : Maintain
Slice Utilization Ratio            : 100
BRAM Utilization Ratio             : 100
DSP48 Utilization Ratio            : 100
Auto BRAM Packing                  : NO
Slice Utilization Ratio Delta      : 5

---- Other Options
Cores Search Directories           : {"ipcore_dir"  }

=========================================================================


=========================================================================
*                          HDL Parsing                                  *
=========================================================================
Analyzing Verilog file "E:\Processor_project\processor7777\baud_rate_generator.v" into library work
Parsing module <baud_rate_generator>.

=========================================================================
*                            HDL Elaboration                            *
=========================================================================

Elaborating module <baud_rate_generator>.

=========================================================================
*                           HDL Synthesis                               *
=========================================================================

Synthesizing Unit <baud_rate_generator>.
    Related source file is "E:\Processor_project\processor7777\baud_rate_generator.v".
        N = 2
        M = 4
    Found 2-bit register for signal <q>.
    Found 2-bit adder for signal <r_reg[1]_GND_1_o_add_2_OUT> created at line 22.
    Summary:
	inferred   1 Adder/Subtractor(s).
	inferred   2 D-type flip-flop(s).
	inferred   1 Multiplexer(s).
Unit <baud_rate_generator> synthesized.

=========================================================================
HDL Synthesis Report

Macro Statistics
# Adders/Subtractors                                   : 1
 2-bit adder                                           : 1
# Registers                                            : 1
 2-bit register                                        : 1
# Multiplexers                                         : 1
 2-bit 2-to-1 multiplexer                              : 1

=========================================================================

=========================================================================
*                       Advanced HDL Synthesis                          *
=========================================================================


=========================================================================
Advanced HDL Synthesis Report

Macro Statistics
# Adders/Subtractors                                   : 1
 2-bit adder                                           : 1
# Registers                                            : 2
 Flip-Flops                                            : 2

=========================================================================

=========================================================================
*                         Low Level Synthesis                           *
=========================================================================

Optimizing unit <baud_rate_generator> ...

Mapping all equations...
Building and optimizing final netlist ...
Found area constraint ratio of 100 (+ 5) on block baud_rate_generator, actual ratio is 0.

Final Macro Processing ...

=========================================================================
Final Register Report

Macro Statistics
# Registers                                            : 2
 Flip-Flops                                            : 2

=========================================================================

=========================================================================
*                           Partition Report                            *
=========================================================================

Partition Implementation Status
-------------------------------

  No Partitions were found in this design.

-------------------------------

=========================================================================
*                            Design Summary                             *
=========================================================================

Top Level Output File Name         : baud_rate_generator.ngc

Primitive and Black Box Usage:
------------------------------
# BELS                             : 3
#      INV                         : 1
#      LUT2                        : 2
# FlipFlops/Latches                : 2
#      FDC                         : 2
# Clock Buffers                    : 1
#      BUFGP                       : 1
# IO Buffers                       : 4
#      IBUF                        : 1
#      OBUF                        : 3

Device utilization summary:
---------------------------

Selected Device : 6slx45csg324-3 


Slice Logic Utilization: 
 Number of Slice Registers:               2  out of  54576     0%  
 Number of Slice LUTs:                    3  out of  27288     0%  
    Number used as Logic:                 3  out of  27288     0%  

Slice Logic Distribution: 
 Number of LUT Flip Flop pairs used:      5
   Number with an unused Flip Flop:       3  out of      5    60%  
   Number with an unused LUT:             2  out of      5    40%  
   Number of fully used LUT-FF pairs:     0  out of      5     0%  
   Number of unique control sets:         1

IO Utilization: 
 Number of IOs:                           5
 Number of bonded IOBs:                   5  out of    218     2%  

Specific Feature Utilization:
 Number of BUFG/BUFGCTRLs:                1  out of     16     6%  

---------------------------
Partition Resource Summary:
---------------------------

  No Partitions were found in this design.

---------------------------


=========================================================================
Timing Report

NOTE: THESE TIMING NUMBERS ARE ONLY A SYNTHESIS ESTIMATE.
      FOR ACCURATE TIMING INFORMATION PLEASE REFER TO THE TRACE REPORT
      GENERATED AFTER PLACE-and-ROUTE.

Clock Information:
------------------
-----------------------------------+------------------------+-------+
Clock Signal                       | Clock buffer(FF name)  | Load  |
-----------------------------------+------------------------+-------+
clk                                | BUFGP                  | 2     |
-----------------------------------+------------------------+-------+

Asynchronous Control Signals Information:
----------------------------------------
No asynchronous control signals found in this design

Timing Summary:
---------------
Speed Grade: -3

   Minimum period: 2.016ns (Maximum Frequency: 495.933MHz)
   Minimum input arrival time before clock: 2.268ns
   Maximum output required time after clock: 4.555ns
   Maximum combinational path delay: No path found

Timing Details:
---------------
All values displayed in nanoseconds (ns)

=========================================================================
Timing constraint: Default period analysis for Clock 'clk'
  Clock period: 2.016ns (frequency: 495.933MHz)
  Total number of paths / destination ports: 3 / 2
-------------------------------------------------------------------------
Delay:               2.016ns (Levels of Logic = 1)
  Source:            r_reg_0 (FF)
  Destination:       r_reg_0 (FF)
  Source Clock:      clk rising
  Destination Clock: clk rising

  Data Path: r_reg_0 to r_reg_0
                                Gate     Net
    Cell:in->out      fanout   Delay   Delay  Logical Name (Net Name)
    ----------------------------------------  ------------
     FDC:C->Q              4   0.447   0.683  r_reg_0 (r_reg_0)
     INV:I->O              1   0.206   0.579  Mmux_r_next11_INV_0 (r_next<0>)
     FDC:D                     0.102          r_reg_0
    ----------------------------------------
    Total                      2.016ns (0.755ns logic, 1.261ns route)
                                       (37.4% logic, 62.6% route)

=========================================================================
Timing constraint: Default OFFSET IN BEFORE for Clock 'clk'
  Total number of paths / destination ports: 2 / 2
-------------------------------------------------------------------------
Offset:              2.268ns (Levels of Logic = 1)
  Source:            reset (PAD)
  Destination:       r_reg_0 (FF)
  Destination Clock: clk rising

  Data Path: reset to r_reg_0
                                Gate     Net
    Cell:in->out      fanout   Delay   Delay  Logical Name (Net Name)
    ----------------------------------------  ------------
     IBUF:I->O             2   1.222   0.616  reset_IBUF (reset_IBUF)
     FDC:CLR                   0.430          r_reg_0
    ----------------------------------------
    Total                      2.268ns (1.652ns logic, 0.616ns route)
                                       (72.8% logic, 27.2% route)

=========================================================================
Timing constraint: Default OFFSET OUT AFTER for Clock 'clk'
  Total number of paths / destination ports: 4 / 3
-------------------------------------------------------------------------
Offset:              4.555ns (Levels of Logic = 2)
  Source:            r_reg_1 (FF)
  Destination:       max_tick (PAD)
  Source Clock:      clk rising

  Data Path: r_reg_1 to max_tick
                                Gate     Net
    Cell:in->out      fanout   Delay   Delay  Logical Name (Net Name)
    ----------------------------------------  ------------
     FDC:C->Q              3   0.447   0.755  r_reg_1 (r_reg_1)
     LUT2:I0->O            1   0.203   0.579  max_tick<1>1 (max_tick_OBUF)
     OBUF:I->O                 2.571          max_tick_OBUF (max_tick)
    ----------------------------------------
    Total                      4.555ns (3.221ns logic, 1.334ns route)
                                       (70.7% logic, 29.3% route)

=========================================================================

Cross Clock Domains Report:
--------------------------

Clock to Setup on destination clock clk
---------------+---------+---------+---------+---------+
               | Src:Rise| Src:Fall| Src:Rise| Src:Fall|
Source Clock   |Dest:Rise|Dest:Rise|Dest:Fall|Dest:Fall|
---------------+---------+---------+---------+---------+
clk            |    2.016|         |         |         |
---------------+---------+---------+---------+---------+

=========================================================================


Total REAL time to Xst completion: 6.00 secs
Total CPU time to Xst completion: 6.17 secs
 
--> 

Total memory usage is 277716 kilobytes

Number of errors   :    0 (   0 filtered)
Number of warnings :    0 (   0 filtered)
Number of infos    :    0 (   0 filtered)

