Release 14.7 - xst P.20131013 (nt64)
Copyright (c) 1995-2013 Xilinx, Inc.  All rights reserved.
--> Parameter TMPDIR set to xst/projnav.tmp


Total REAL time to Xst completion: 0.00 secs
Total CPU time to Xst completion: 0.10 secs
 
--> Parameter xsthdpdir set to xst


Total REAL time to Xst completion: 0.00 secs
Total CPU time to Xst completion: 0.10 secs
 
--> Reading design: controlStore.prj

TABLE OF CONTENTS
  1) Synthesis Options Summary
  2) HDL Parsing
  3) HDL Elaboration
  4) HDL Synthesis
       4.1) HDL Synthesis Report
  5) Advanced HDL Synthesis
       5.1) Advanced HDL Synthesis Report
  6) Low Level Synthesis
  7) Partition Report
  8) Design Summary
       8.1) Primitive and Black Box Usage
       8.2) Device utilization summary
       8.3) Partition Resource Summary
       8.4) Timing Report
            8.4.1) Clock Information
            8.4.2) Asynchronous Control Signals Information
            8.4.3) Timing Summary
            8.4.4) Timing Details
            8.4.5) Cross Clock Domains Report


=========================================================================
*                      Synthesis Options Summary                        *
=========================================================================
---- Source Parameters
Input File Name                    : "controlStore.prj"
Ignore Synthesis Constraint File   : NO

---- Target Parameters
Output File Name                   : "controlStore"
Output Format                      : NGC
Target Device                      : xc6slx45-3-csg324

---- Source Options
Top Module Name                    : controlStore
Automatic FSM Extraction           : YES
FSM Encoding Algorithm             : Auto
Safe Implementation                : No
FSM Style                          : LUT
RAM Extraction                     : Yes
RAM Style                          : Auto
ROM Extraction                     : Yes
Shift Register Extraction          : YES
ROM Style                          : Auto
Resource Sharing                   : YES
Asynchronous To Synchronous        : NO
Shift Register Minimum Size        : 2
Use DSP Block                      : Auto
Automatic Register Balancing       : No

---- Target Options
LUT Combining                      : Auto
Reduce Control Sets                : Auto
Add IO Buffers                     : YES
Global Maximum Fanout              : 100000
Add Generic Clock Buffer(BUFG)     : 16
Register Duplication               : YES
Optimize Instantiated Primitives   : NO
Use Clock Enable                   : Auto
Use Synchronous Set                : Auto
Use Synchronous Reset              : Auto
Pack IO Registers into IOBs        : Auto
Equivalent register Removal        : YES

---- General Options
Optimization Goal                  : Speed
Optimization Effort                : 1
Power Reduction                    : NO
Keep Hierarchy                     : No
Netlist Hierarchy                  : As_Optimized
RTL Output                         : Yes
Global Optimization                : AllClockNets
Read Cores                         : YES
Write Timing Constraints           : NO
Cross Clock Analysis               : NO
Hierarchy Separator                : /
Bus Delimiter                      : <>
Case Specifier                     : Maintain
Slice Utilization Ratio            : 100
BRAM Utilization Ratio             : 100
DSP48 Utilization Ratio            : 100
Auto BRAM Packing                  : NO
Slice Utilization Ratio Delta      : 5

---- Other Options
Cores Search Directories           : {"ipcore_dir"  }

=========================================================================


=========================================================================
*                          HDL Parsing                                  *
=========================================================================
Analyzing Verilog file "E:\Processor_project\processor7777\controlStore.v" into library work
Parsing module <controlStore>.

=========================================================================
*                            HDL Elaboration                            *
=========================================================================

Elaborating module <controlStore>.
WARNING:HDLCompiler:91 - "E:\Processor_project\processor7777\controlStore.v" Line 112: Signal <ROM> missing in the sensitivity list is added for synthesis purposes. HDL and post-synthesis simulations may differ as a result.

=========================================================================
*                           HDL Synthesis                               *
=========================================================================

Synthesizing Unit <controlStore>.
    Related source file is "E:\Processor_project\processor7777\controlStore.v".
WARNING:Xst:2999 - Signal 'ROM', unconnected in block 'controlStore', is tied to its initial value.
    Found 256x29-bit single-port Read Only RAM <Mram_ROM> for signal <ROM>.
    Found 8-bit register for signal <address>.
    Summary:
	inferred   1 RAM(s).
	inferred   8 D-type flip-flop(s).
	inferred   2 Multiplexer(s).
Unit <controlStore> synthesized.

=========================================================================
HDL Synthesis Report

Macro Statistics
# RAMs                                                 : 1
 256x29-bit single-port Read Only RAM                  : 1
# Registers                                            : 1
 8-bit register                                        : 1
# Multiplexers                                         : 2
 8-bit 2-to-1 multiplexer                              : 2

=========================================================================

=========================================================================
*                       Advanced HDL Synthesis                          *
=========================================================================


Synthesizing (advanced) Unit <controlStore>.
INFO:Xst:3218 - HDL ADVISOR - The RAM <Mram_ROM> will be implemented on LUTs either because you have described an asynchronous read or because of currently unsupported block RAM features. If you have described an asynchronous read, making it synchronous would allow you to take advantage of available block RAM resources, for optimized device usage and improved timings. Please refer to your documentation for coding guidelines.
    -----------------------------------------------------------------------
    | ram_type           | Distributed                         |          |
    -----------------------------------------------------------------------
    | Port A                                                              |
    |     aspect ratio   | 256-word x 29-bit                   |          |
    |     weA            | connected to signal <GND>           | high     |
    |     addrA          | connected to signal <address>       |          |
    |     diA            | connected to signal <GND>           |          |
    |     doA            | connected to signal <MIR>           |          |
    -----------------------------------------------------------------------
Unit <controlStore> synthesized (advanced).

=========================================================================
Advanced HDL Synthesis Report

Macro Statistics
# RAMs                                                 : 1
 256x29-bit single-port distributed Read Only RAM      : 1
# Registers                                            : 8
 Flip-Flops                                            : 8
# Multiplexers                                         : 2
 8-bit 2-to-1 multiplexer                              : 2

=========================================================================

=========================================================================
*                         Low Level Synthesis                           *
=========================================================================

Optimizing unit <controlStore> ...

Mapping all equations...
Building and optimizing final netlist ...
Found area constraint ratio of 100 (+ 5) on block controlStore, actual ratio is 0.

Final Macro Processing ...

=========================================================================
Final Register Report

Macro Statistics
# Registers                                            : 8
 Flip-Flops                                            : 8

=========================================================================

=========================================================================
*                           Partition Report                            *
=========================================================================

Partition Implementation Status
-------------------------------

  No Partitions were found in this design.

-------------------------------

=========================================================================
*                            Design Summary                             *
=========================================================================

Top Level Output File Name         : controlStore.ngc

Primitive and Black Box Usage:
------------------------------
# BELS                             : 62
#      GND                         : 1
#      LUT2                        : 1
#      LUT3                        : 21
#      LUT4                        : 8
#      LUT5                        : 6
#      LUT6                        : 24
#      VCC                         : 1
# FlipFlops/Latches                : 8
#      FDRE_1                      : 8
# Clock Buffers                    : 1
#      BUFGP                       : 1
# IO Buffers                       : 48
#      IBUF                        : 19
#      OBUF                        : 29

Device utilization summary:
---------------------------

Selected Device : 6slx45csg324-3 


Slice Logic Utilization: 
 Number of Slice Registers:               8  out of  54576     0%  
 Number of Slice LUTs:                   60  out of  27288     0%  
    Number used as Logic:                60  out of  27288     0%  

Slice Logic Distribution: 
 Number of LUT Flip Flop pairs used:     60
   Number with an unused Flip Flop:      52  out of     60    86%  
   Number with an unused LUT:             0  out of     60     0%  
   Number of fully used LUT-FF pairs:     8  out of     60    13%  
   Number of unique control sets:         2

IO Utilization: 
 Number of IOs:                          49
 Number of bonded IOBs:                  49  out of    218    22%  

Specific Feature Utilization:
 Number of BUFG/BUFGCTRLs:                1  out of     16     6%  

---------------------------
Partition Resource Summary:
---------------------------

  No Partitions were found in this design.

---------------------------


=========================================================================
Timing Report

NOTE: THESE TIMING NUMBERS ARE ONLY A SYNTHESIS ESTIMATE.
      FOR ACCURATE TIMING INFORMATION PLEASE REFER TO THE TRACE REPORT
      GENERATED AFTER PLACE-and-ROUTE.

Clock Information:
------------------
-----------------------------------+------------------------+-------+
Clock Signal                       | Clock buffer(FF name)  | Load  |
-----------------------------------+------------------------+-------+
clk                                | BUFGP                  | 8     |
-----------------------------------+------------------------+-------+

Asynchronous Control Signals Information:
----------------------------------------
No asynchronous control signals found in this design

Timing Summary:
---------------
Speed Grade: -3

   Minimum period: No path found
   Minimum input arrival time before clock: 3.503ns
   Maximum output required time after clock: 6.264ns
   Maximum combinational path delay: No path found

Timing Details:
---------------
All values displayed in nanoseconds (ns)

=========================================================================
Timing constraint: Default OFFSET IN BEFORE for Clock 'clk'
  Total number of paths / destination ports: 45 / 13
-------------------------------------------------------------------------
Offset:              3.503ns (Levels of Logic = 2)
  Source:            JMP<0> (PAD)
  Destination:       address_1 (FF)
  Destination Clock: clk falling

  Data Path: JMP<0> to address_1
                                Gate     Net
    Cell:in->out      fanout   Delay   Delay  Logical Name (Net Name)
    ----------------------------------------  ------------
     IBUF:I->O             9   1.222   0.934  JMP_0_IBUF (JMP_0_IBUF)
     LUT2:I0->O            5   0.203   0.714  GND_1_o_address[7]_mux_9_OUT<0>211 (GND_1_o_address[7]_mux_9_OUT<0>2)
     FDRE_1:R                  0.430          address_1
    ----------------------------------------
    Total                      3.503ns (1.855ns logic, 1.648ns route)
                                       (53.0% logic, 47.0% route)

=========================================================================
Timing constraint: Default OFFSET OUT AFTER for Clock 'clk'
  Total number of paths / destination ports: 216 / 27
-------------------------------------------------------------------------
Offset:              6.264ns (Levels of Logic = 3)
  Source:            address_3 (FF)
  Destination:       MIR<6> (PAD)
  Source Clock:      clk falling

  Data Path: address_3 to MIR<6>
                                Gate     Net
    Cell:in->out      fanout   Delay   Delay  Logical Name (Net Name)
    ----------------------------------------  ------------
     FDRE_1:C->Q          27   0.447   1.449  address_3 (address_3)
     LUT3:I0->O            1   0.205   0.808  Mram_ROM1311_SW0 (N8)
     LUT6:I3->O            1   0.205   0.579  Mram_ROM1311 (MIR_6_OBUF)
     OBUF:I->O                 2.571          MIR_6_OBUF (MIR<6>)
    ----------------------------------------
    Total                      6.264ns (3.428ns logic, 2.836ns route)
                                       (54.7% logic, 45.3% route)

=========================================================================

Cross Clock Domains Report:
--------------------------

=========================================================================


Total REAL time to Xst completion: 7.00 secs
Total CPU time to Xst completion: 6.44 secs
 
--> 

Total memory usage is 277716 kilobytes

Number of errors   :    0 (   0 filtered)
Number of warnings :    2 (   0 filtered)
Number of infos    :    1 (   0 filtered)

