Release 14.7 - xst P.20131013 (nt64)
Copyright (c) 1995-2013 Xilinx, Inc.  All rights reserved.
--> Parameter TMPDIR set to xst/projnav.tmp


Total REAL time to Xst completion: 1.00 secs
Total CPU time to Xst completion: 0.81 secs
 
--> Parameter xsthdpdir set to xst


Total REAL time to Xst completion: 1.00 secs
Total CPU time to Xst completion: 0.81 secs
 
--> Reading design: processor.prj

TABLE OF CONTENTS
  1) Synthesis Options Summary
  2) HDL Parsing
  3) HDL Elaboration
  4) HDL Synthesis
       4.1) HDL Synthesis Report
  5) Advanced HDL Synthesis
       5.1) Advanced HDL Synthesis Report
  6) Low Level Synthesis
  7) Partition Report
  8) Design Summary
       8.1) Primitive and Black Box Usage
       8.2) Device utilization summary
       8.3) Partition Resource Summary
       8.4) Timing Report
            8.4.1) Clock Information
            8.4.2) Asynchronous Control Signals Information
            8.4.3) Timing Summary
            8.4.4) Timing Details
            8.4.5) Cross Clock Domains Report


=========================================================================
*                      Synthesis Options Summary                        *
=========================================================================
---- Source Parameters
Input File Name                    : "processor.prj"
Ignore Synthesis Constraint File   : NO

---- Target Parameters
Output File Name                   : "processor"
Output Format                      : NGC
Target Device                      : xc6slx45-3-csg324

---- Source Options
Top Module Name                    : processor
Automatic FSM Extraction           : YES
FSM Encoding Algorithm             : Auto
Safe Implementation                : No
FSM Style                          : LUT
RAM Extraction                     : Yes
RAM Style                          : Auto
ROM Extraction                     : Yes
Shift Register Extraction          : YES
ROM Style                          : Auto
Resource Sharing                   : YES
Asynchronous To Synchronous        : NO
Shift Register Minimum Size        : 2
Use DSP Block                      : Auto
Automatic Register Balancing       : No

---- Target Options
LUT Combining                      : Auto
Reduce Control Sets                : Auto
Add IO Buffers                     : YES
Global Maximum Fanout              : 100000
Add Generic Clock Buffer(BUFG)     : 16
Register Duplication               : YES
Optimize Instantiated Primitives   : NO
Use Clock Enable                   : Auto
Use Synchronous Set                : Auto
Use Synchronous Reset              : Auto
Pack IO Registers into IOBs        : Auto
Equivalent register Removal        : YES

---- General Options
Optimization Goal                  : Speed
Optimization Effort                : 1
Power Reduction                    : NO
Keep Hierarchy                     : No
Netlist Hierarchy                  : As_Optimized
RTL Output                         : Yes
Global Optimization                : AllClockNets
Read Cores                         : YES
Write Timing Constraints           : NO
Cross Clock Analysis               : NO
Hierarchy Separator                : /
Bus Delimiter                      : <>
Case Specifier                     : Maintain
Slice Utilization Ratio            : 100
BRAM Utilization Ratio             : 100
DSP48 Utilization Ratio            : 100
Auto BRAM Packing                  : NO
Slice Utilization Ratio Delta      : 5

---- Other Options
Cores Search Directories           : {"ipcore_dir"  }

=========================================================================


=========================================================================
*                          HDL Parsing                                  *
=========================================================================
Analyzing Verilog file "E:\Processor_project\processor7777\R3.v" into library work
Parsing module <R3>.
Analyzing Verilog file "E:\Processor_project\processor7777\R2.v" into library work
Parsing module <R2>.
Analyzing Verilog file "E:\Processor_project\processor7777\R.v" into library work
Parsing module <R>.
Analyzing Verilog file "E:\Processor_project\processor7777\PC.v" into library work
Parsing module <PC>.
Analyzing Verilog file "E:\Processor_project\processor7777\MDR.v" into library work
Parsing module <MDR>.
Analyzing Verilog file "E:\Processor_project\processor7777\MAR.v" into library work
Parsing module <MAR>.
Analyzing Verilog file "E:\Processor_project\processor7777\IR.v" into library work
Parsing module <IR>.
Analyzing Verilog file "E:\Processor_project\processor7777\controlStore.v" into library work
Parsing module <controlStore>.
Analyzing Verilog file "E:\Processor_project\processor7777\B_bus.v" into library work
Parsing module <B_bus>.
Analyzing Verilog file "E:\Processor_project\processor7777\ALU.v" into library work
Parsing module <ALU>.
Analyzing Verilog file "E:\Processor_project\processor7777\AC.v" into library work
Parsing module <AC>.
Analyzing Verilog file "E:\Processor_project\processor7777\processor.v" into library work
Parsing module <processor>.

=========================================================================
*                            HDL Elaboration                            *
=========================================================================

Elaborating module <processor>.

Elaborating module <MAR>.

Elaborating module <MDR>.

Elaborating module <PC>.

Elaborating module <IR>.

Elaborating module <R>.

Elaborating module <R2>.

Elaborating module <R3>.

Elaborating module <AC>.

Elaborating module <ALU>.
WARNING:HDLCompiler:91 - "E:\Processor_project\processor7777\ALU.v" Line 20: Signal <A> missing in the sensitivity list is added for synthesis purposes. HDL and post-synthesis simulations may differ as a result.
WARNING:HDLCompiler:91 - "E:\Processor_project\processor7777\ALU.v" Line 22: Signal <A> missing in the sensitivity list is added for synthesis purposes. HDL and post-synthesis simulations may differ as a result.
WARNING:HDLCompiler:91 - "E:\Processor_project\processor7777\ALU.v" Line 26: Signal <A> missing in the sensitivity list is added for synthesis purposes. HDL and post-synthesis simulations may differ as a result.
WARNING:HDLCompiler:91 - "E:\Processor_project\processor7777\ALU.v" Line 27: Signal <A> missing in the sensitivity list is added for synthesis purposes. HDL and post-synthesis simulations may differ as a result.
WARNING:HDLCompiler:91 - "E:\Processor_project\processor7777\ALU.v" Line 28: Signal <A> missing in the sensitivity list is added for synthesis purposes. HDL and post-synthesis simulations may differ as a result.
WARNING:HDLCompiler:91 - "E:\Processor_project\processor7777\ALU.v" Line 29: Signal <A> missing in the sensitivity list is added for synthesis purposes. HDL and post-synthesis simulations may differ as a result.
WARNING:HDLCompiler:91 - "E:\Processor_project\processor7777\ALU.v" Line 30: Signal <A> missing in the sensitivity list is added for synthesis purposes. HDL and post-synthesis simulations may differ as a result.
WARNING:HDLCompiler:91 - "E:\Processor_project\processor7777\ALU.v" Line 31: Signal <A> missing in the sensitivity list is added for synthesis purposes. HDL and post-synthesis simulations may differ as a result.
WARNING:HDLCompiler:91 - "E:\Processor_project\processor7777\ALU.v" Line 32: Signal <A> missing in the sensitivity list is added for synthesis purposes. HDL and post-synthesis simulations may differ as a result.
WARNING:HDLCompiler:91 - "E:\Processor_project\processor7777\ALU.v" Line 34: Signal <A> missing in the sensitivity list is added for synthesis purposes. HDL and post-synthesis simulations may differ as a result.

Elaborating module <B_bus>.

Elaborating module <controlStore>.
WARNING:HDLCompiler:91 - "E:\Processor_project\processor7777\controlStore.v" Line 112: Signal <ROM> missing in the sensitivity list is added for synthesis purposes. HDL and post-synthesis simulations may differ as a result.

=========================================================================
*                           HDL Synthesis                               *
=========================================================================

Synthesizing Unit <processor>.
    Related source file is "E:\Processor_project\processor7777\processor.v".
WARNING:Xst:647 - Input <clock> is never used. This port will be preserved and left unconnected if it belongs to a top-level block or it belongs to a sub-block and the hierarchy of this sub-block is preserved.
    Summary:
	no macro.
Unit <processor> synthesized.

Synthesizing Unit <MAR>.
    Related source file is "E:\Processor_project\processor7777\MAR.v".
    Found 16-bit register for signal <addr>.
    Summary:
	inferred  16 D-type flip-flop(s).
Unit <MAR> synthesized.

Synthesizing Unit <MDR>.
    Related source file is "E:\Processor_project\processor7777\MDR.v".
WARNING:Xst:647 - Input <C<15:8>> is never used. This port will be preserved and left unconnected if it belongs to a top-level block or it belongs to a sub-block and the hierarchy of this sub-block is preserved.
    Found 8-bit register for signal <Dout>.
    Summary:
	inferred   8 D-type flip-flop(s).
Unit <MDR> synthesized.

Synthesizing Unit <PC>.
    Related source file is "E:\Processor_project\processor7777\PC.v".
WARNING:Xst:647 - Input <C<15:9>> is never used. This port will be preserved and left unconnected if it belongs to a top-level block or it belongs to a sub-block and the hierarchy of this sub-block is preserved.
    Found 9-bit register for signal <addr>.
    Found 9-bit adder for signal <addr[8]_GND_4_o_add_1_OUT> created at line 16.
    Summary:
	inferred   1 Adder/Subtractor(s).
	inferred   9 D-type flip-flop(s).
	inferred   1 Multiplexer(s).
Unit <PC> synthesized.

Synthesizing Unit <IR>.
    Related source file is "E:\Processor_project\processor7777\IR.v".
    Found 8-bit register for signal <Dout>.
    Summary:
	inferred   8 D-type flip-flop(s).
Unit <IR> synthesized.

Synthesizing Unit <R>.
    Related source file is "E:\Processor_project\processor7777\R.v".
    Found 16-bit register for signal <Dout>.
    Summary:
	inferred  16 D-type flip-flop(s).
Unit <R> synthesized.

Synthesizing Unit <R2>.
    Related source file is "E:\Processor_project\processor7777\R2.v".
    Found 16-bit register for signal <Dout>.
    Summary:
	inferred  16 D-type flip-flop(s).
Unit <R2> synthesized.

Synthesizing Unit <R3>.
    Related source file is "E:\Processor_project\processor7777\R3.v".
    Found 16-bit register for signal <Dout>.
    Summary:
	inferred  16 D-type flip-flop(s).
Unit <R3> synthesized.

Synthesizing Unit <AC>.
    Related source file is "E:\Processor_project\processor7777\AC.v".
    Found 16-bit register for signal <A>.
    Summary:
	inferred  16 D-type flip-flop(s).
Unit <AC> synthesized.

Synthesizing Unit <ALU>.
    Related source file is "E:\Processor_project\processor7777\ALU.v".
        ADD = 4'b0000
        SUB = 4'b0001
        MUL = 4'b0010
        DIV = 4'b0011
        AND = 4'b0100
        OR = 4'b0101
        NOT = 4'b0110
        INC = 4'b0111
        DEC = 4'b1000
        LSHIFT8 = 4'b1001
        AtoC = 4'b1010
        BtoC = 4'b1011
    Found 1-bit register for signal <Z>.
    Found 16-bit subtractor for signal <A[15]_B[15]_sub_2_OUT> created at line 22.
    Found 16-bit subtractor for signal <A[15]_GND_10_o_sub_10_OUT> created at line 32.
    Found 16-bit adder for signal <A[15]_B[15]_add_0_OUT> created at line 20.
    Found 16-bit adder for signal <A[15]_GND_10_o_add_8_OUT> created at line 31.
    Found 16x16-bit multiplier for signal <n0022> created at line 26.
    Found 16-bit 13-to-1 multiplexer for signal <C> created at line 19.
WARNING:Xst:737 - Found 1-bit latch for signal <z_assign>. Latches may be generated from incomplete case or if statements. We do not recommend the use of latches in FPGA/CPLD designs, as they may lead to timing problems.
    Summary:
	inferred   1 Multiplier(s).
	inferred   2 Adder/Subtractor(s).
	inferred   1 D-type flip-flop(s).
	inferred   1 Latch(s).
	inferred  21 Multiplexer(s).
Unit <ALU> synthesized.

Synthesizing Unit <div_16u_16u>.
    Related source file is "".
    Found 32-bit adder for signal <n0956> created at line 0.
    Found 32-bit adder for signal <GND_12_o_b[15]_add_1_OUT> created at line 0.
    Found 31-bit adder for signal <n0960> created at line 0.
    Found 31-bit adder for signal <GND_12_o_b[15]_add_3_OUT> created at line 0.
    Found 30-bit adder for signal <n0964> created at line 0.
    Found 30-bit adder for signal <GND_12_o_b[15]_add_5_OUT> created at line 0.
    Found 29-bit adder for signal <n0968> created at line 0.
    Found 29-bit adder for signal <GND_12_o_b[15]_add_7_OUT> created at line 0.
    Found 28-bit adder for signal <n0972> created at line 0.
    Found 28-bit adder for signal <GND_12_o_b[15]_add_9_OUT> created at line 0.
    Found 27-bit adder for signal <n0976> created at line 0.
    Found 27-bit adder for signal <GND_12_o_b[15]_add_11_OUT> created at line 0.
    Found 26-bit adder for signal <n0980> created at line 0.
    Found 26-bit adder for signal <GND_12_o_b[15]_add_13_OUT> created at line 0.
    Found 25-bit adder for signal <n0984> created at line 0.
    Found 25-bit adder for signal <GND_12_o_b[15]_add_15_OUT> created at line 0.
    Found 24-bit adder for signal <n0988> created at line 0.
    Found 24-bit adder for signal <GND_12_o_b[15]_add_17_OUT> created at line 0.
    Found 23-bit adder for signal <n0992> created at line 0.
    Found 23-bit adder for signal <GND_12_o_b[15]_add_19_OUT> created at line 0.
    Found 22-bit adder for signal <n0996> created at line 0.
    Found 22-bit adder for signal <GND_12_o_b[15]_add_21_OUT> created at line 0.
    Found 21-bit adder for signal <n1000> created at line 0.
    Found 21-bit adder for signal <GND_12_o_b[15]_add_23_OUT> created at line 0.
    Found 20-bit adder for signal <n1004> created at line 0.
    Found 20-bit adder for signal <GND_12_o_b[15]_add_25_OUT> created at line 0.
    Found 19-bit adder for signal <n1008> created at line 0.
    Found 19-bit adder for signal <GND_12_o_b[15]_add_27_OUT> created at line 0.
    Found 18-bit adder for signal <n1012> created at line 0.
    Found 18-bit adder for signal <GND_12_o_b[15]_add_29_OUT> created at line 0.
    Found 17-bit adder for signal <n1016> created at line 0.
    Found 17-bit adder for signal <GND_12_o_b[15]_add_31_OUT> created at line 0.
    Found 32-bit comparator lessequal for signal <BUS_0001> created at line 0
    Found 31-bit comparator lessequal for signal <BUS_0002> created at line 0
    Found 30-bit comparator lessequal for signal <BUS_0003> created at line 0
    Found 29-bit comparator lessequal for signal <BUS_0004> created at line 0
    Found 28-bit comparator lessequal for signal <BUS_0005> created at line 0
    Found 27-bit comparator lessequal for signal <BUS_0006> created at line 0
    Found 26-bit comparator lessequal for signal <BUS_0007> created at line 0
    Found 25-bit comparator lessequal for signal <BUS_0008> created at line 0
    Found 24-bit comparator lessequal for signal <BUS_0009> created at line 0
    Found 23-bit comparator lessequal for signal <BUS_0010> created at line 0
    Found 22-bit comparator lessequal for signal <BUS_0011> created at line 0
    Found 21-bit comparator lessequal for signal <BUS_0012> created at line 0
    Found 20-bit comparator lessequal for signal <BUS_0013> created at line 0
    Found 19-bit comparator lessequal for signal <BUS_0014> created at line 0
    Found 18-bit comparator lessequal for signal <BUS_0015> created at line 0
    Found 17-bit comparator lessequal for signal <BUS_0016> created at line 0
    Found 16-bit comparator lessequal for signal <BUS_0017> created at line 0
    Summary:
	inferred  32 Adder/Subtractor(s).
	inferred  17 Comparator(s).
	inferred 241 Multiplexer(s).
Unit <div_16u_16u> synthesized.

Synthesizing Unit <B_bus>.
    Related source file is "E:\Processor_project\processor7777\B_bus.v".
    Found 16-bit 5-to-1 multiplexer for signal <control[2]_Z_11_o_wide_mux_0_OUT> created at line 16.
    Found 1-bit tristate buffer for signal <bus<15>> created at line 14
    Found 1-bit tristate buffer for signal <bus<14>> created at line 14
    Found 1-bit tristate buffer for signal <bus<13>> created at line 14
    Found 1-bit tristate buffer for signal <bus<12>> created at line 14
    Found 1-bit tristate buffer for signal <bus<11>> created at line 14
    Found 1-bit tristate buffer for signal <bus<10>> created at line 14
    Found 1-bit tristate buffer for signal <bus<9>> created at line 14
    Found 1-bit tristate buffer for signal <bus<8>> created at line 14
    Found 1-bit tristate buffer for signal <bus<7>> created at line 14
    Found 1-bit tristate buffer for signal <bus<6>> created at line 14
    Found 1-bit tristate buffer for signal <bus<5>> created at line 14
    Found 1-bit tristate buffer for signal <bus<4>> created at line 14
    Found 1-bit tristate buffer for signal <bus<3>> created at line 14
    Found 1-bit tristate buffer for signal <bus<2>> created at line 14
    Found 1-bit tristate buffer for signal <bus<1>> created at line 14
    Found 1-bit tristate buffer for signal <bus<0>> created at line 14
    Summary:
	inferred   1 Multiplexer(s).
	inferred  16 Tristate(s).
Unit <B_bus> synthesized.

Synthesizing Unit <controlStore>.
    Related source file is "E:\Processor_project\processor7777\controlStore.v".
WARNING:Xst:2999 - Signal 'ROM', unconnected in block 'controlStore', is tied to its initial value.
    Found 256x29-bit single-port Read Only RAM <Mram_ROM> for signal <ROM>.
    Found 8-bit register for signal <address>.
    Summary:
	inferred   1 RAM(s).
	inferred   8 D-type flip-flop(s).
	inferred   2 Multiplexer(s).
Unit <controlStore> synthesized.

=========================================================================
HDL Synthesis Report

Macro Statistics
# RAMs                                                 : 1
 256x29-bit single-port Read Only RAM                  : 1
# Multipliers                                          : 1
 16x16-bit multiplier                                  : 1
# Adders/Subtractors                                   : 35
 16-bit addsub                                         : 1
 16-bit subtractor                                     : 1
 17-bit adder                                          : 2
 18-bit adder                                          : 2
 19-bit adder                                          : 2
 20-bit adder                                          : 2
 21-bit adder                                          : 2
 22-bit adder                                          : 2
 23-bit adder                                          : 2
 24-bit adder                                          : 2
 25-bit adder                                          : 2
 26-bit adder                                          : 2
 27-bit adder                                          : 2
 28-bit adder                                          : 2
 29-bit adder                                          : 2
 30-bit adder                                          : 2
 31-bit adder                                          : 2
 32-bit adder                                          : 2
 9-bit adder                                           : 1
# Registers                                            : 10
 1-bit register                                        : 1
 16-bit register                                       : 5
 8-bit register                                        : 3
 9-bit register                                        : 1
# Latches                                              : 1
 1-bit latch                                           : 1
# Comparators                                          : 17
 16-bit comparator lessequal                           : 1
 17-bit comparator lessequal                           : 1
 18-bit comparator lessequal                           : 1
 19-bit comparator lessequal                           : 1
 20-bit comparator lessequal                           : 1
 21-bit comparator lessequal                           : 1
 22-bit comparator lessequal                           : 1
 23-bit comparator lessequal                           : 1
 24-bit comparator lessequal                           : 1
 25-bit comparator lessequal                           : 1
 26-bit comparator lessequal                           : 1
 27-bit comparator lessequal                           : 1
 28-bit comparator lessequal                           : 1
 29-bit comparator lessequal                           : 1
 30-bit comparator lessequal                           : 1
 31-bit comparator lessequal                           : 1
 32-bit comparator lessequal                           : 1
# Multiplexers                                         : 266
 1-bit 2-to-1 multiplexer                              : 240
 16-bit 2-to-1 multiplexer                             : 22
 16-bit 5-to-1 multiplexer                             : 1
 8-bit 2-to-1 multiplexer                              : 2
 9-bit 2-to-1 multiplexer                              : 1
# Tristates                                            : 16
 1-bit tristate buffer                                 : 16

=========================================================================
INFO:Xst:1767 - HDL ADVISOR - Resource sharing has identified that some arithmetic operations in this design can share the same physical resources for reduced device utilization. For improved clock frequency you may try to disable resource sharing.

=========================================================================
*                       Advanced HDL Synthesis                          *
=========================================================================


Synthesizing (advanced) Unit <PC>.
The following registers are absorbed into counter <addr>: 1 register on signal <addr>.
Unit <PC> synthesized (advanced).

Synthesizing (advanced) Unit <controlStore>.
INFO:Xst:3218 - HDL ADVISOR - The RAM <Mram_ROM> will be implemented on LUTs either because you have described an asynchronous read or because of currently unsupported block RAM features. If you have described an asynchronous read, making it synchronous would allow you to take advantage of available block RAM resources, for optimized device usage and improved timings. Please refer to your documentation for coding guidelines.
    -----------------------------------------------------------------------
    | ram_type           | Distributed                         |          |
    -----------------------------------------------------------------------
    | Port A                                                              |
    |     aspect ratio   | 256-word x 29-bit                   |          |
    |     weA            | connected to signal <GND>           | high     |
    |     addrA          | connected to signal <address>       |          |
    |     diA            | connected to signal <GND>           |          |
    |     doA            | connected to internal node          |          |
    -----------------------------------------------------------------------
Unit <controlStore> synthesized (advanced).

=========================================================================
Advanced HDL Synthesis Report

Macro Statistics
# RAMs                                                 : 1
 256x29-bit single-port distributed Read Only RAM      : 1
# Multipliers                                          : 1
 16x16-bit multiplier                                  : 1
# Adders/Subtractors                                   : 18
 16-bit adder carry in                                 : 16
 16-bit addsub                                         : 1
 16-bit subtractor                                     : 1
# Counters                                             : 1
 9-bit up counter                                      : 1
# Registers                                            : 105
 Flip-Flops                                            : 105
# Comparators                                          : 17
 16-bit comparator lessequal                           : 1
 17-bit comparator lessequal                           : 1
 18-bit comparator lessequal                           : 1
 19-bit comparator lessequal                           : 1
 20-bit comparator lessequal                           : 1
 21-bit comparator lessequal                           : 1
 22-bit comparator lessequal                           : 1
 23-bit comparator lessequal                           : 1
 24-bit comparator lessequal                           : 1
 25-bit comparator lessequal                           : 1
 26-bit comparator lessequal                           : 1
 27-bit comparator lessequal                           : 1
 28-bit comparator lessequal                           : 1
 29-bit comparator lessequal                           : 1
 30-bit comparator lessequal                           : 1
 31-bit comparator lessequal                           : 1
 32-bit comparator lessequal                           : 1
# Multiplexers                                         : 265
 1-bit 2-to-1 multiplexer                              : 240
 16-bit 2-to-1 multiplexer                             : 22
 16-bit 5-to-1 multiplexer                             : 1
 8-bit 2-to-1 multiplexer                              : 2

=========================================================================

=========================================================================
*                         Low Level Synthesis                           *
=========================================================================
WARNING:Xst:2042 - Unit B_bus: 16 internal tristates are replaced by logic (pull-up yes): bus<0>, bus<10>, bus<11>, bus<12>, bus<13>, bus<14>, bus<15>, bus<1>, bus<2>, bus<3>, bus<4>, bus<5>, bus<6>, bus<7>, bus<8>, bus<9>.

Optimizing unit <IR> ...

Optimizing unit <MAR> ...

Optimizing unit <MDR> ...

Optimizing unit <R> ...

Optimizing unit <R2> ...

Optimizing unit <R3> ...

Optimizing unit <processor> ...

Optimizing unit <B_bus> ...

Optimizing unit <controlStore> ...

Mapping all equations...
Building and optimizing final netlist ...
Found area constraint ratio of 100 (+ 5) on block processor, actual ratio is 2.

Final Macro Processing ...

=========================================================================
Final Register Report

Macro Statistics
# Registers                                            : 114
 Flip-Flops                                            : 114

=========================================================================

=========================================================================
*                           Partition Report                            *
=========================================================================

Partition Implementation Status
-------------------------------

  No Partitions were found in this design.

-------------------------------

=========================================================================
*                            Design Summary                             *
=========================================================================

Top Level Output File Name         : processor.ngc

Primitive and Black Box Usage:
------------------------------
# BELS                             : 1005
#      GND                         : 1
#      INV                         : 1
#      LUT2                        : 23
#      LUT3                        : 78
#      LUT4                        : 157
#      LUT5                        : 140
#      LUT6                        : 234
#      MUXCY                       : 223
#      MUXF7                       : 1
#      VCC                         : 1
#      XORCY                       : 146
# FlipFlops/Latches                : 115
#      FDE                         : 90
#      FDRE                        : 16
#      FDRE_1                      : 8
#      LD                          : 1
# Clock Buffers                    : 1
#      BUFGP                       : 1
# IO Buffers                       : 51
#      IBUF                        : 16
#      OBUF                        : 35
# DSPs                             : 1
#      DSP48A1                     : 1

Device utilization summary:
---------------------------

Selected Device : 6slx45csg324-3 


Slice Logic Utilization: 
 Number of Slice Registers:             115  out of  54576     0%  
 Number of Slice LUTs:                  633  out of  27288     2%  
    Number used as Logic:               633  out of  27288     2%  

Slice Logic Distribution: 
 Number of LUT Flip Flop pairs used:    721
   Number with an unused Flip Flop:     606  out of    721    84%  
   Number with an unused LUT:            88  out of    721    12%  
   Number of fully used LUT-FF pairs:    27  out of    721     3%  
   Number of unique control sets:        12

IO Utilization: 
 Number of IOs:                          53
 Number of bonded IOBs:                  52  out of    218    23%  

Specific Feature Utilization:
 Number of BUFG/BUFGCTRLs:                1  out of     16     6%  
 Number of DSP48A1s:                      1  out of     58     1%  

---------------------------
Partition Resource Summary:
---------------------------

  No Partitions were found in this design.

---------------------------


=========================================================================
Timing Report

NOTE: THESE TIMING NUMBERS ARE ONLY A SYNTHESIS ESTIMATE.
      FOR ACCURATE TIMING INFORMATION PLEASE REFER TO THE TRACE REPORT
      GENERATED AFTER PLACE-and-ROUTE.

Clock Information:
------------------
------------------------------------------------------------------------+------------------------+-------+
Clock Signal                                                            | Clock buffer(FF name)  | Load  |
------------------------------------------------------------------------+------------------------+-------+
alu/control[3]_GND_13_o_Mux_13_o(alu/control[3]_GND_13_o_Mux_13_o<3>1:O)| NONE(*)(alu/z_assign)  | 1     |
clk                                                                     | BUFGP                  | 114   |
------------------------------------------------------------------------+------------------------+-------+
(*) This 1 clock signal(s) are generated by combinatorial logic,
and XST is not able to identify which are the primary clock signals.
Please use the CLOCK_SIGNAL constraint to specify the clock signal(s) generated by combinatorial logic.
INFO:Xst:2169 - HDL ADVISOR - Some clock signals were not automatically buffered by XST with BUFG/BUFR resources. Please use the buffer_type constraint in order to insert these buffers to the clock signals to help prevent skew problems.

Asynchronous Control Signals Information:
----------------------------------------
No asynchronous control signals found in this design

Timing Summary:
---------------
Speed Grade: -3

   Minimum period: 99.364ns (Maximum Frequency: 10.064MHz)
   Minimum input arrival time before clock: 47.397ns
   Maximum output required time after clock: 6.332ns
   Maximum combinational path delay: No path found

Timing Details:
---------------
All values displayed in nanoseconds (ns)

=========================================================================
Timing constraint: Default period analysis for Clock 'clk'
  Clock period: 99.364ns (frequency: 10.064MHz)
  Total number of paths / destination ports: 348501411657730300000000 / 232
-------------------------------------------------------------------------
Delay:               49.682ns (Levels of Logic = 124)
  Source:            cntr/address_1 (FF)
  Destination:       pc/addr_8 (FF)
  Source Clock:      clk falling
  Destination Clock: clk rising

  Data Path: cntr/address_1 to pc/addr_8
                                Gate     Net
    Cell:in->out      fanout   Delay   Delay  Logical Name (Net Name)
    ----------------------------------------  ------------
     FDRE_1:C->Q          36   0.447   1.693  cntr/address_1 (cntr/address_1)
     LUT6:I1->O            1   0.203   0.580  cntr_Mram_ROM12113_SW0 (cntr_N261)
     LUT3:I2->O           34   0.205   1.321  cntr_Mram_ROM12113 (mir<0>)
     LUT6:I5->O            2   0.205   0.617  bus/bus<5>LogicTrst1 (bus/bus<5>LogicTrst)
     LUT6:I5->O            1   0.205   0.924  bus/bus<5>LogicTrst2_1 (bus/bus<5>LogicTrst2)
     LUT5:I0->O           10   0.203   0.857  alu/A[15]_B[15]_div_4_OUT<15>221 (alu/A[15]_B[15]_div_4_OUT<15>221)
     LUT6:I5->O            1   0.205   0.684  alu/A[15]_B[15]_div_4/Mmux_a[0]_GND_12_o_MUX_159_o161 (alu/A[15]_B[15]_div_4/a[15]_GND_12_o_MUX_144_o)
     LUT6:I4->O            6   0.203   0.745  alu/A[15]_B[15]_div_4_OUT<13>3_SW0 (N01)
     LUT6:I5->O            6   0.205   0.992  alu/A[15]_B[15]_div_4/Mmux_a[0]_GND_12_o_MUX_277_o141 (alu/A[15]_B[15]_div_4/a[13]_GND_12_o_MUX_264_o)
     LUT4:I0->O            0   0.203   0.000  alu/A[15]_B[15]_div_4/Mcompar_o<12>_lutdi (alu/A[15]_B[15]_div_4/Mcompar_o<12>_lutdi)
     MUXCY:DI->O           1   0.145   0.000  alu/A[15]_B[15]_div_4/Mcompar_o<12>_cy<0> (alu/A[15]_B[15]_div_4/Mcompar_o<12>_cy<0>)
     MUXCY:CI->O           1   0.019   0.000  alu/A[15]_B[15]_div_4/Mcompar_o<12>_cy<1> (alu/A[15]_B[15]_div_4/Mcompar_o<12>_cy<1>)
     MUXCY:CI->O           1   0.019   0.000  alu/A[15]_B[15]_div_4/Mcompar_o<12>_cy<2> (alu/A[15]_B[15]_div_4/Mcompar_o<12>_cy<2>)
     MUXCY:CI->O           1   0.019   0.000  alu/A[15]_B[15]_div_4/Mcompar_o<12>_cy<3> (alu/A[15]_B[15]_div_4/Mcompar_o<12>_cy<3>)
     MUXCY:CI->O          10   0.213   0.857  alu/A[15]_B[15]_div_4/Mcompar_o<12>_cy<4> (alu/A[15]_B[15]_div_4_OUT<12>)
     LUT5:I4->O            8   0.205   1.031  alu/A[15]_B[15]_div_4/Mmux_a[0]_GND_12_o_MUX_333_o141 (alu/A[15]_B[15]_div_4/a[13]_GND_12_o_MUX_320_o)
     LUT4:I1->O            1   0.205   0.000  alu/A[15]_B[15]_div_4/Mcompar_o<11>_lut<1> (alu/A[15]_B[15]_div_4/Mcompar_o<11>_lut<1>)
     MUXCY:S->O            1   0.172   0.000  alu/A[15]_B[15]_div_4/Mcompar_o<11>_cy<1> (alu/A[15]_B[15]_div_4/Mcompar_o<11>_cy<1>)
     MUXCY:CI->O           1   0.019   0.000  alu/A[15]_B[15]_div_4/Mcompar_o<11>_cy<2> (alu/A[15]_B[15]_div_4/Mcompar_o<11>_cy<2>)
     MUXCY:CI->O           1   0.019   0.000  alu/A[15]_B[15]_div_4/Mcompar_o<11>_cy<3> (alu/A[15]_B[15]_div_4/Mcompar_o<11>_cy<3>)
     MUXCY:CI->O          15   0.213   0.982  alu/A[15]_B[15]_div_4/Mcompar_o<11>_cy<4> (alu/A[15]_B[15]_div_4_OUT<11>)
     LUT6:I5->O            6   0.205   0.973  alu/A[15]_B[15]_div_4/Mmux_a[0]_GND_12_o_MUX_387_o131 (alu/A[15]_B[15]_div_4/a[12]_GND_12_o_MUX_375_o)
     LUT4:I1->O            1   0.205   0.000  alu/A[15]_B[15]_div_4/Mcompar_o<10>_lut<1> (alu/A[15]_B[15]_div_4/Mcompar_o<10>_lut<1>)
     MUXCY:S->O            1   0.172   0.000  alu/A[15]_B[15]_div_4/Mcompar_o<10>_cy<1> (alu/A[15]_B[15]_div_4/Mcompar_o<10>_cy<1>)
     MUXCY:CI->O           1   0.019   0.000  alu/A[15]_B[15]_div_4/Mcompar_o<10>_cy<2> (alu/A[15]_B[15]_div_4/Mcompar_o<10>_cy<2>)
     MUXCY:CI->O           1   0.019   0.000  alu/A[15]_B[15]_div_4/Mcompar_o<10>_cy<3> (alu/A[15]_B[15]_div_4/Mcompar_o<10>_cy<3>)
     MUXCY:CI->O          24   0.213   1.173  alu/A[15]_B[15]_div_4/Mcompar_o<10>_cy<4> (alu/A[15]_B[15]_div_4_OUT<10>)
     LUT3:I2->O            3   0.205   0.898  alu/A[15]_B[15]_div_4/Mmux_a[0]_GND_12_o_MUX_439_o111 (alu/A[15]_B[15]_div_4/a[10]_GND_12_o_MUX_429_o)
     LUT4:I0->O            0   0.203   0.000  alu/A[15]_B[15]_div_4/Mcompar_o<9>_lutdi (alu/A[15]_B[15]_div_4/Mcompar_o<9>_lutdi)
     MUXCY:DI->O           1   0.145   0.000  alu/A[15]_B[15]_div_4/Mcompar_o<9>_cy<0> (alu/A[15]_B[15]_div_4/Mcompar_o<9>_cy<0>)
     MUXCY:CI->O           1   0.019   0.000  alu/A[15]_B[15]_div_4/Mcompar_o<9>_cy<1> (alu/A[15]_B[15]_div_4/Mcompar_o<9>_cy<1>)
     MUXCY:CI->O           1   0.019   0.000  alu/A[15]_B[15]_div_4/Mcompar_o<9>_cy<2> (alu/A[15]_B[15]_div_4/Mcompar_o<9>_cy<2>)
     MUXCY:CI->O           1   0.019   0.000  alu/A[15]_B[15]_div_4/Mcompar_o<9>_cy<3> (alu/A[15]_B[15]_div_4/Mcompar_o<9>_cy<3>)
     MUXCY:CI->O           1   0.019   0.000  alu/A[15]_B[15]_div_4/Mcompar_o<9>_cy<4> (alu/A[15]_B[15]_div_4/Mcompar_o<9>_cy<4>)
     MUXCY:CI->O          24   0.213   1.173  alu/A[15]_B[15]_div_4/Mcompar_o<9>_cy<5> (alu/A[15]_B[15]_div_4_OUT<9>)
     LUT5:I4->O            5   0.205   0.943  alu/A[15]_B[15]_div_4/Mmux_a[0]_GND_12_o_MUX_489_o111 (alu/A[15]_B[15]_div_4/a[10]_GND_12_o_MUX_479_o)
     LUT4:I1->O            1   0.205   0.000  alu/A[15]_B[15]_div_4/Mcompar_o<8>_lut<1> (alu/A[15]_B[15]_div_4/Mcompar_o<8>_lut<1>)
     MUXCY:S->O            1   0.172   0.000  alu/A[15]_B[15]_div_4/Mcompar_o<8>_cy<1> (alu/A[15]_B[15]_div_4/Mcompar_o<8>_cy<1>)
     MUXCY:CI->O           1   0.019   0.000  alu/A[15]_B[15]_div_4/Mcompar_o<8>_cy<2> (alu/A[15]_B[15]_div_4/Mcompar_o<8>_cy<2>)
     MUXCY:CI->O           1   0.019   0.000  alu/A[15]_B[15]_div_4/Mcompar_o<8>_cy<3> (alu/A[15]_B[15]_div_4/Mcompar_o<8>_cy<3>)
     MUXCY:CI->O           1   0.019   0.000  alu/A[15]_B[15]_div_4/Mcompar_o<8>_cy<4> (alu/A[15]_B[15]_div_4/Mcompar_o<8>_cy<4>)
     MUXCY:CI->O          32   0.213   1.292  alu/A[15]_B[15]_div_4/Mcompar_o<8>_cy<5> (alu/A[15]_B[15]_div_4_OUT<8>)
     LUT3:I2->O            3   0.205   0.898  alu/A[15]_B[15]_div_4/Mmux_a[0]_GND_12_o_MUX_537_o1141 (alu/A[15]_B[15]_div_4/a[8]_GND_12_o_MUX_529_o)
     LUT4:I0->O            0   0.203   0.000  alu/A[15]_B[15]_div_4/Mcompar_o<7>_lutdi (alu/A[15]_B[15]_div_4/Mcompar_o<7>_lutdi)
     MUXCY:DI->O           1   0.145   0.000  alu/A[15]_B[15]_div_4/Mcompar_o<7>_cy<0> (alu/A[15]_B[15]_div_4/Mcompar_o<7>_cy<0>)
     MUXCY:CI->O           1   0.019   0.000  alu/A[15]_B[15]_div_4/Mcompar_o<7>_cy<1> (alu/A[15]_B[15]_div_4/Mcompar_o<7>_cy<1>)
     MUXCY:CI->O           1   0.019   0.000  alu/A[15]_B[15]_div_4/Mcompar_o<7>_cy<2> (alu/A[15]_B[15]_div_4/Mcompar_o<7>_cy<2>)
     MUXCY:CI->O           1   0.019   0.000  alu/A[15]_B[15]_div_4/Mcompar_o<7>_cy<3> (alu/A[15]_B[15]_div_4/Mcompar_o<7>_cy<3>)
     MUXCY:CI->O           1   0.019   0.000  alu/A[15]_B[15]_div_4/Mcompar_o<7>_cy<4> (alu/A[15]_B[15]_div_4/Mcompar_o<7>_cy<4>)
     MUXCY:CI->O          30   0.213   1.264  alu/A[15]_B[15]_div_4/Mcompar_o<7>_cy<5> (alu/A[15]_B[15]_div_4_OUT<7>)
     LUT5:I4->O            5   0.205   0.943  alu/A[15]_B[15]_div_4/Mmux_a[0]_GND_12_o_MUX_583_o1141 (alu/A[15]_B[15]_div_4/a[8]_GND_12_o_MUX_575_o)
     LUT4:I1->O            1   0.205   0.000  alu/A[15]_B[15]_div_4/Mcompar_o<6>_lut<1> (alu/A[15]_B[15]_div_4/Mcompar_o<6>_lut<1>)
     MUXCY:S->O            1   0.172   0.000  alu/A[15]_B[15]_div_4/Mcompar_o<6>_cy<1> (alu/A[15]_B[15]_div_4/Mcompar_o<6>_cy<1>)
     MUXCY:CI->O           1   0.019   0.000  alu/A[15]_B[15]_div_4/Mcompar_o<6>_cy<2> (alu/A[15]_B[15]_div_4/Mcompar_o<6>_cy<2>)
     MUXCY:CI->O           1   0.019   0.000  alu/A[15]_B[15]_div_4/Mcompar_o<6>_cy<3> (alu/A[15]_B[15]_div_4/Mcompar_o<6>_cy<3>)
     MUXCY:CI->O           1   0.019   0.000  alu/A[15]_B[15]_div_4/Mcompar_o<6>_cy<4> (alu/A[15]_B[15]_div_4/Mcompar_o<6>_cy<4>)
     MUXCY:CI->O          40   0.213   1.406  alu/A[15]_B[15]_div_4/Mcompar_o<6>_cy<5> (alu/A[15]_B[15]_div_4_OUT<6>)
     LUT3:I2->O            3   0.205   0.898  alu/A[15]_B[15]_div_4/Mmux_a[0]_GND_12_o_MUX_627_o1121 (alu/A[15]_B[15]_div_4/a[6]_GND_12_o_MUX_621_o)
     LUT4:I0->O            0   0.203   0.000  alu/A[15]_B[15]_div_4/Mcompar_o<5>_lutdi (alu/A[15]_B[15]_div_4/Mcompar_o<5>_lutdi)
     MUXCY:DI->O           1   0.145   0.000  alu/A[15]_B[15]_div_4/Mcompar_o<5>_cy<0> (alu/A[15]_B[15]_div_4/Mcompar_o<5>_cy<0>)
     MUXCY:CI->O           1   0.019   0.000  alu/A[15]_B[15]_div_4/Mcompar_o<5>_cy<1> (alu/A[15]_B[15]_div_4/Mcompar_o<5>_cy<1>)
     MUXCY:CI->O           1   0.019   0.000  alu/A[15]_B[15]_div_4/Mcompar_o<5>_cy<2> (alu/A[15]_B[15]_div_4/Mcompar_o<5>_cy<2>)
     MUXCY:CI->O           1   0.019   0.000  alu/A[15]_B[15]_div_4/Mcompar_o<5>_cy<3> (alu/A[15]_B[15]_div_4/Mcompar_o<5>_cy<3>)
     MUXCY:CI->O           1   0.019   0.000  alu/A[15]_B[15]_div_4/Mcompar_o<5>_cy<4> (alu/A[15]_B[15]_div_4/Mcompar_o<5>_cy<4>)
     MUXCY:CI->O           1   0.019   0.000  alu/A[15]_B[15]_div_4/Mcompar_o<5>_cy<5> (alu/A[15]_B[15]_div_4/Mcompar_o<5>_cy<5>)
     MUXCY:CI->O          36   0.213   1.349  alu/A[15]_B[15]_div_4/Mcompar_o<5>_cy<6> (alu/A[15]_B[15]_div_4_OUT<5>)
     LUT5:I4->O            5   0.205   0.943  alu/A[15]_B[15]_div_4/Mmux_a[0]_GND_12_o_MUX_669_o1121 (alu/A[15]_B[15]_div_4/a[6]_GND_12_o_MUX_663_o)
     LUT4:I1->O            1   0.205   0.000  alu/A[15]_B[15]_div_4/Mcompar_o<4>_lut<1> (alu/A[15]_B[15]_div_4/Mcompar_o<4>_lut<1>)
     MUXCY:S->O            1   0.172   0.000  alu/A[15]_B[15]_div_4/Mcompar_o<4>_cy<1> (alu/A[15]_B[15]_div_4/Mcompar_o<4>_cy<1>)
     MUXCY:CI->O           1   0.019   0.000  alu/A[15]_B[15]_div_4/Mcompar_o<4>_cy<2> (alu/A[15]_B[15]_div_4/Mcompar_o<4>_cy<2>)
     MUXCY:CI->O           1   0.019   0.000  alu/A[15]_B[15]_div_4/Mcompar_o<4>_cy<3> (alu/A[15]_B[15]_div_4/Mcompar_o<4>_cy<3>)
     MUXCY:CI->O           1   0.019   0.000  alu/A[15]_B[15]_div_4/Mcompar_o<4>_cy<4> (alu/A[15]_B[15]_div_4/Mcompar_o<4>_cy<4>)
     MUXCY:CI->O           1   0.019   0.000  alu/A[15]_B[15]_div_4/Mcompar_o<4>_cy<5> (alu/A[15]_B[15]_div_4/Mcompar_o<4>_cy<5>)
     MUXCY:CI->O          49   0.213   1.534  alu/A[15]_B[15]_div_4/Mcompar_o<4>_cy<6> (alu/A[15]_B[15]_div_4_OUT<4>)
     LUT3:I2->O            4   0.205   0.931  alu/A[15]_B[15]_div_4/Mmux_a[0]_GND_12_o_MUX_709_o1101 (alu/A[15]_B[15]_div_4/a[4]_GND_12_o_MUX_705_o)
     LUT4:I0->O            0   0.203   0.000  alu/A[15]_B[15]_div_4/Mcompar_o<3>_lutdi (alu/A[15]_B[15]_div_4/Mcompar_o<3>_lutdi)
     MUXCY:DI->O           1   0.145   0.000  alu/A[15]_B[15]_div_4/Mcompar_o<3>_cy<0> (alu/A[15]_B[15]_div_4/Mcompar_o<3>_cy<0>)
     MUXCY:CI->O           1   0.019   0.000  alu/A[15]_B[15]_div_4/Mcompar_o<3>_cy<1> (alu/A[15]_B[15]_div_4/Mcompar_o<3>_cy<1>)
     MUXCY:CI->O           1   0.019   0.000  alu/A[15]_B[15]_div_4/Mcompar_o<3>_cy<2> (alu/A[15]_B[15]_div_4/Mcompar_o<3>_cy<2>)
     MUXCY:CI->O           1   0.019   0.000  alu/A[15]_B[15]_div_4/Mcompar_o<3>_cy<3> (alu/A[15]_B[15]_div_4/Mcompar_o<3>_cy<3>)
     MUXCY:CI->O           1   0.019   0.000  alu/A[15]_B[15]_div_4/Mcompar_o<3>_cy<4> (alu/A[15]_B[15]_div_4/Mcompar_o<3>_cy<4>)
     MUXCY:CI->O           1   0.019   0.000  alu/A[15]_B[15]_div_4/Mcompar_o<3>_cy<5> (alu/A[15]_B[15]_div_4/Mcompar_o<3>_cy<5>)
     MUXCY:CI->O          51   0.019   1.555  alu/A[15]_B[15]_div_4/Mcompar_o<3>_cy<6> (alu/A[15]_B[15]_div_4_OUT<3>)
     LUT3:I2->O            3   0.205   0.898  alu/A[15]_B[15]_div_4/Mmux_a[0]_GND_12_o_MUX_747_o191 (alu/A[15]_B[15]_div_4/a[3]_GND_12_o_MUX_744_o)
     LUT4:I0->O            0   0.203   0.000  alu/A[15]_B[15]_div_4/Mcompar_o<2>_lutdi (alu/A[15]_B[15]_div_4/Mcompar_o<2>_lutdi)
     MUXCY:DI->O           1   0.145   0.000  alu/A[15]_B[15]_div_4/Mcompar_o<2>_cy<0> (alu/A[15]_B[15]_div_4/Mcompar_o<2>_cy<0>)
     MUXCY:CI->O           1   0.019   0.000  alu/A[15]_B[15]_div_4/Mcompar_o<2>_cy<1> (alu/A[15]_B[15]_div_4/Mcompar_o<2>_cy<1>)
     MUXCY:CI->O           1   0.019   0.000  alu/A[15]_B[15]_div_4/Mcompar_o<2>_cy<2> (alu/A[15]_B[15]_div_4/Mcompar_o<2>_cy<2>)
     MUXCY:CI->O           1   0.019   0.000  alu/A[15]_B[15]_div_4/Mcompar_o<2>_cy<3> (alu/A[15]_B[15]_div_4/Mcompar_o<2>_cy<3>)
     MUXCY:CI->O           1   0.019   0.000  alu/A[15]_B[15]_div_4/Mcompar_o<2>_cy<4> (alu/A[15]_B[15]_div_4/Mcompar_o<2>_cy<4>)
     MUXCY:CI->O           1   0.019   0.000  alu/A[15]_B[15]_div_4/Mcompar_o<2>_cy<5> (alu/A[15]_B[15]_div_4/Mcompar_o<2>_cy<5>)
     MUXCY:CI->O           1   0.019   0.000  alu/A[15]_B[15]_div_4/Mcompar_o<2>_cy<6> (alu/A[15]_B[15]_div_4/Mcompar_o<2>_cy<6>)
     MUXCY:CI->O          43   0.019   1.449  alu/A[15]_B[15]_div_4/Mcompar_o<2>_cy<7> (alu/A[15]_B[15]_div_4_OUT<2>)
     LUT3:I2->O            2   0.205   0.864  alu/A[15]_B[15]_div_4/Mmux_a[0]_GND_12_o_MUX_783_o181 (alu/A[15]_B[15]_div_4/a[2]_GND_12_o_MUX_781_o)
     LUT4:I0->O            0   0.203   0.000  alu/A[15]_B[15]_div_4/Mcompar_o<1>_lutdi (alu/A[15]_B[15]_div_4/Mcompar_o<1>_lutdi)
     MUXCY:DI->O           1   0.145   0.000  alu/A[15]_B[15]_div_4/Mcompar_o<1>_cy<0> (alu/A[15]_B[15]_div_4/Mcompar_o<1>_cy<0>)
     MUXCY:CI->O           1   0.019   0.000  alu/A[15]_B[15]_div_4/Mcompar_o<1>_cy<1> (alu/A[15]_B[15]_div_4/Mcompar_o<1>_cy<1>)
     MUXCY:CI->O           1   0.019   0.000  alu/A[15]_B[15]_div_4/Mcompar_o<1>_cy<2> (alu/A[15]_B[15]_div_4/Mcompar_o<1>_cy<2>)
     MUXCY:CI->O           1   0.019   0.000  alu/A[15]_B[15]_div_4/Mcompar_o<1>_cy<3> (alu/A[15]_B[15]_div_4/Mcompar_o<1>_cy<3>)
     MUXCY:CI->O           1   0.019   0.000  alu/A[15]_B[15]_div_4/Mcompar_o<1>_cy<4> (alu/A[15]_B[15]_div_4/Mcompar_o<1>_cy<4>)
     MUXCY:CI->O           1   0.019   0.000  alu/A[15]_B[15]_div_4/Mcompar_o<1>_cy<5> (alu/A[15]_B[15]_div_4/Mcompar_o<1>_cy<5>)
     MUXCY:CI->O           1   0.019   0.000  alu/A[15]_B[15]_div_4/Mcompar_o<1>_cy<6> (alu/A[15]_B[15]_div_4/Mcompar_o<1>_cy<6>)
     MUXCY:CI->O          17   0.019   1.028  alu/A[15]_B[15]_div_4/Mcompar_o<1>_cy<7> (alu/A[15]_B[15]_div_4_OUT<1>)
     LUT3:I2->O            2   0.205   0.864  alu/A[15]_B[15]_div_4/Mmux_n095081 (alu/A[15]_B[15]_div_4/n0950<1>)
     LUT4:I0->O            0   0.203   0.000  alu/A[15]_B[15]_div_4/Mcompar_o<0>_lutdi (alu/A[15]_B[15]_div_4/Mcompar_o<0>_lutdi)
     MUXCY:DI->O           1   0.145   0.000  alu/A[15]_B[15]_div_4/Mcompar_o<0>_cy<0> (alu/A[15]_B[15]_div_4/Mcompar_o<0>_cy<0>)
     MUXCY:CI->O           1   0.019   0.000  alu/A[15]_B[15]_div_4/Mcompar_o<0>_cy<1> (alu/A[15]_B[15]_div_4/Mcompar_o<0>_cy<1>)
     MUXCY:CI->O           1   0.019   0.000  alu/A[15]_B[15]_div_4/Mcompar_o<0>_cy<2> (alu/A[15]_B[15]_div_4/Mcompar_o<0>_cy<2>)
     MUXCY:CI->O           1   0.019   0.000  alu/A[15]_B[15]_div_4/Mcompar_o<0>_cy<3> (alu/A[15]_B[15]_div_4/Mcompar_o<0>_cy<3>)
     MUXCY:CI->O           1   0.019   0.000  alu/A[15]_B[15]_div_4/Mcompar_o<0>_cy<4> (alu/A[15]_B[15]_div_4/Mcompar_o<0>_cy<4>)
     MUXCY:CI->O           1   0.019   0.000  alu/A[15]_B[15]_div_4/Mcompar_o<0>_cy<5> (alu/A[15]_B[15]_div_4/Mcompar_o<0>_cy<5>)
     MUXCY:CI->O           1   0.019   0.000  alu/A[15]_B[15]_div_4/Mcompar_o<0>_cy<6> (alu/A[15]_B[15]_div_4/Mcompar_o<0>_cy<6>)
     MUXCY:CI->O           2   0.213   0.617  alu/A[15]_B[15]_div_4/Mcompar_o<0>_cy<7> (alu/A[15]_B[15]_div_4_OUT<0>)
     LUT6:I5->O            1   0.205   0.000  alu/Mmux_C12_rs_lut<0> (alu/Mmux_C12_rs_lut<0>)
     MUXCY:S->O            1   0.172   0.000  alu/Mmux_C12_rs_cy<0> (alu/Mmux_C12_rs_cy<0>)
     MUXCY:CI->O           1   0.019   0.000  alu/Mmux_C12_rs_cy<1> (alu/Mmux_C12_rs_cy<1>)
     MUXCY:CI->O           1   0.019   0.000  alu/Mmux_C12_rs_cy<2> (alu/Mmux_C12_rs_cy<2>)
     MUXCY:CI->O           1   0.019   0.000  alu/Mmux_C12_rs_cy<3> (alu/Mmux_C12_rs_cy<3>)
     MUXCY:CI->O           1   0.019   0.000  alu/Mmux_C12_rs_cy<4> (alu/Mmux_C12_rs_cy<4>)
     MUXCY:CI->O           1   0.019   0.000  alu/Mmux_C12_rs_cy<5> (alu/Mmux_C12_rs_cy<5>)
     MUXCY:CI->O           1   0.019   0.000  alu/Mmux_C12_rs_cy<6> (alu/Mmux_C12_rs_cy<6>)
     XORCY:CI->O           7   0.180   0.774  alu/Mmux_C12_rs_xor<7> (c<7>)
     LUT3:I2->O            1   0.205   0.000  pc/Mcount_addr_lut<7> (pc/Mcount_addr_lut<7>)
     MUXCY:S->O            0   0.172   0.000  pc/Mcount_addr_cy<7> (pc/Mcount_addr_cy<7>)
     XORCY:CI->O           1   0.180   0.000  pc/Mcount_addr_xor<8> (pc/Mcount_addr8)
     FDE:D                     0.102          pc/addr_8
    ----------------------------------------
    Total                     49.682ns (13.734ns logic, 35.948ns route)
                                       (27.6% logic, 72.4% route)

=========================================================================
Timing constraint: Default OFFSET IN BEFORE for Clock 'alu/control[3]_GND_13_o_Mux_13_o'
  Total number of paths / destination ports: 100 / 1
-------------------------------------------------------------------------
Offset:              7.911ns (Levels of Logic = 14)
  Source:            Data_in<0> (PAD)
  Destination:       alu/z_assign (LATCH)
  Destination Clock: alu/control[3]_GND_13_o_Mux_13_o falling

  Data Path: Data_in<0> to alu/z_assign
                                Gate     Net
    Cell:in->out      fanout   Delay   Delay  Logical Name (Net Name)
    ----------------------------------------  ------------
     IBUF:I->O             1   1.222   0.944  Data_in_0_IBUF (Data_in_0_IBUF)
     LUT6:I0->O            3   0.203   0.651  bus/bus<0>LogicTrst1 (bus/bus<0>LogicTrst)
     LUT6:I5->O           68   0.205   1.667  bus/bus<0>LogicTrst2 (b<0>)
     LUT2:I1->O            1   0.205   0.000  alu/Msub_A[15]_B[15]_sub_2_OUT_lut<0> (alu/Msub_A[15]_B[15]_sub_2_OUT_lut<0>)
     MUXCY:S->O            1   0.172   0.000  alu/Msub_A[15]_B[15]_sub_2_OUT_cy<0> (alu/Msub_A[15]_B[15]_sub_2_OUT_cy<0>)
     MUXCY:CI->O           1   0.019   0.000  alu/Msub_A[15]_B[15]_sub_2_OUT_cy<1> (alu/Msub_A[15]_B[15]_sub_2_OUT_cy<1>)
     MUXCY:CI->O           1   0.019   0.000  alu/Msub_A[15]_B[15]_sub_2_OUT_cy<2> (alu/Msub_A[15]_B[15]_sub_2_OUT_cy<2>)
     MUXCY:CI->O           1   0.019   0.000  alu/Msub_A[15]_B[15]_sub_2_OUT_cy<3> (alu/Msub_A[15]_B[15]_sub_2_OUT_cy<3>)
     MUXCY:CI->O           1   0.019   0.000  alu/Msub_A[15]_B[15]_sub_2_OUT_cy<4> (alu/Msub_A[15]_B[15]_sub_2_OUT_cy<4>)
     MUXCY:CI->O           1   0.019   0.000  alu/Msub_A[15]_B[15]_sub_2_OUT_cy<5> (alu/Msub_A[15]_B[15]_sub_2_OUT_cy<5>)
     MUXCY:CI->O           1   0.019   0.000  alu/Msub_A[15]_B[15]_sub_2_OUT_cy<6> (alu/Msub_A[15]_B[15]_sub_2_OUT_cy<6>)
     XORCY:CI->O           2   0.180   0.981  alu/Msub_A[15]_B[15]_sub_2_OUT_xor<7> (alu/A[15]_B[15]_sub_2_OUT<7>)
     LUT6:I0->O            1   0.203   0.924  alu/A[15]_GND_10_o_equal_3_o<15>1 (alu/A[15]_GND_10_o_equal_3_o<15>)
     LUT6:I1->O            1   0.203   0.000  alu/A[15]_GND_10_o_equal_3_o<15>3 (alu/A[15]_GND_10_o_equal_3_o)
     LD:D                      0.037          alu/z_assign
    ----------------------------------------
    Total                      7.911ns (2.744ns logic, 5.167ns route)
                                       (34.7% logic, 65.3% route)

=========================================================================
Timing constraint: Default OFFSET IN BEFORE for Clock 'clk'
  Total number of paths / destination ports: 4439138043236961000000 / 105
-------------------------------------------------------------------------
Offset:              47.397ns (Levels of Logic = 123)
  Source:            Data_in<5> (PAD)
  Destination:       pc/addr_8 (FF)
  Destination Clock: clk rising

  Data Path: Data_in<5> to pc/addr_8
                                Gate     Net
    Cell:in->out      fanout   Delay   Delay  Logical Name (Net Name)
    ----------------------------------------  ------------
     IBUF:I->O             1   1.222   0.944  Data_in_5_IBUF (Data_in_5_IBUF)
     LUT6:I0->O            2   0.203   0.617  bus/bus<5>LogicTrst1 (bus/bus<5>LogicTrst)
     LUT6:I5->O            1   0.205   0.924  bus/bus<5>LogicTrst2_1 (bus/bus<5>LogicTrst2)
     LUT5:I0->O           10   0.203   0.857  alu/A[15]_B[15]_div_4_OUT<15>221 (alu/A[15]_B[15]_div_4_OUT<15>221)
     LUT6:I5->O            1   0.205   0.684  alu/A[15]_B[15]_div_4/Mmux_a[0]_GND_12_o_MUX_159_o161 (alu/A[15]_B[15]_div_4/a[15]_GND_12_o_MUX_144_o)
     LUT6:I4->O            6   0.203   0.745  alu/A[15]_B[15]_div_4_OUT<13>3_SW0 (N01)
     LUT6:I5->O            6   0.205   0.992  alu/A[15]_B[15]_div_4/Mmux_a[0]_GND_12_o_MUX_277_o141 (alu/A[15]_B[15]_div_4/a[13]_GND_12_o_MUX_264_o)
     LUT4:I0->O            0   0.203   0.000  alu/A[15]_B[15]_div_4/Mcompar_o<12>_lutdi (alu/A[15]_B[15]_div_4/Mcompar_o<12>_lutdi)
     MUXCY:DI->O           1   0.145   0.000  alu/A[15]_B[15]_div_4/Mcompar_o<12>_cy<0> (alu/A[15]_B[15]_div_4/Mcompar_o<12>_cy<0>)
     MUXCY:CI->O           1   0.019   0.000  alu/A[15]_B[15]_div_4/Mcompar_o<12>_cy<1> (alu/A[15]_B[15]_div_4/Mcompar_o<12>_cy<1>)
     MUXCY:CI->O           1   0.019   0.000  alu/A[15]_B[15]_div_4/Mcompar_o<12>_cy<2> (alu/A[15]_B[15]_div_4/Mcompar_o<12>_cy<2>)
     MUXCY:CI->O           1   0.019   0.000  alu/A[15]_B[15]_div_4/Mcompar_o<12>_cy<3> (alu/A[15]_B[15]_div_4/Mcompar_o<12>_cy<3>)
     MUXCY:CI->O          10   0.213   0.857  alu/A[15]_B[15]_div_4/Mcompar_o<12>_cy<4> (alu/A[15]_B[15]_div_4_OUT<12>)
     LUT5:I4->O            8   0.205   1.031  alu/A[15]_B[15]_div_4/Mmux_a[0]_GND_12_o_MUX_333_o141 (alu/A[15]_B[15]_div_4/a[13]_GND_12_o_MUX_320_o)
     LUT4:I1->O            1   0.205   0.000  alu/A[15]_B[15]_div_4/Mcompar_o<11>_lut<1> (alu/A[15]_B[15]_div_4/Mcompar_o<11>_lut<1>)
     MUXCY:S->O            1   0.172   0.000  alu/A[15]_B[15]_div_4/Mcompar_o<11>_cy<1> (alu/A[15]_B[15]_div_4/Mcompar_o<11>_cy<1>)
     MUXCY:CI->O           1   0.019   0.000  alu/A[15]_B[15]_div_4/Mcompar_o<11>_cy<2> (alu/A[15]_B[15]_div_4/Mcompar_o<11>_cy<2>)
     MUXCY:CI->O           1   0.019   0.000  alu/A[15]_B[15]_div_4/Mcompar_o<11>_cy<3> (alu/A[15]_B[15]_div_4/Mcompar_o<11>_cy<3>)
     MUXCY:CI->O          15   0.213   0.982  alu/A[15]_B[15]_div_4/Mcompar_o<11>_cy<4> (alu/A[15]_B[15]_div_4_OUT<11>)
     LUT6:I5->O            6   0.205   0.973  alu/A[15]_B[15]_div_4/Mmux_a[0]_GND_12_o_MUX_387_o131 (alu/A[15]_B[15]_div_4/a[12]_GND_12_o_MUX_375_o)
     LUT4:I1->O            1   0.205   0.000  alu/A[15]_B[15]_div_4/Mcompar_o<10>_lut<1> (alu/A[15]_B[15]_div_4/Mcompar_o<10>_lut<1>)
     MUXCY:S->O            1   0.172   0.000  alu/A[15]_B[15]_div_4/Mcompar_o<10>_cy<1> (alu/A[15]_B[15]_div_4/Mcompar_o<10>_cy<1>)
     MUXCY:CI->O           1   0.019   0.000  alu/A[15]_B[15]_div_4/Mcompar_o<10>_cy<2> (alu/A[15]_B[15]_div_4/Mcompar_o<10>_cy<2>)
     MUXCY:CI->O           1   0.019   0.000  alu/A[15]_B[15]_div_4/Mcompar_o<10>_cy<3> (alu/A[15]_B[15]_div_4/Mcompar_o<10>_cy<3>)
     MUXCY:CI->O          24   0.213   1.173  alu/A[15]_B[15]_div_4/Mcompar_o<10>_cy<4> (alu/A[15]_B[15]_div_4_OUT<10>)
     LUT3:I2->O            3   0.205   0.898  alu/A[15]_B[15]_div_4/Mmux_a[0]_GND_12_o_MUX_439_o111 (alu/A[15]_B[15]_div_4/a[10]_GND_12_o_MUX_429_o)
     LUT4:I0->O            0   0.203   0.000  alu/A[15]_B[15]_div_4/Mcompar_o<9>_lutdi (alu/A[15]_B[15]_div_4/Mcompar_o<9>_lutdi)
     MUXCY:DI->O           1   0.145   0.000  alu/A[15]_B[15]_div_4/Mcompar_o<9>_cy<0> (alu/A[15]_B[15]_div_4/Mcompar_o<9>_cy<0>)
     MUXCY:CI->O           1   0.019   0.000  alu/A[15]_B[15]_div_4/Mcompar_o<9>_cy<1> (alu/A[15]_B[15]_div_4/Mcompar_o<9>_cy<1>)
     MUXCY:CI->O           1   0.019   0.000  alu/A[15]_B[15]_div_4/Mcompar_o<9>_cy<2> (alu/A[15]_B[15]_div_4/Mcompar_o<9>_cy<2>)
     MUXCY:CI->O           1   0.019   0.000  alu/A[15]_B[15]_div_4/Mcompar_o<9>_cy<3> (alu/A[15]_B[15]_div_4/Mcompar_o<9>_cy<3>)
     MUXCY:CI->O           1   0.019   0.000  alu/A[15]_B[15]_div_4/Mcompar_o<9>_cy<4> (alu/A[15]_B[15]_div_4/Mcompar_o<9>_cy<4>)
     MUXCY:CI->O          24   0.213   1.173  alu/A[15]_B[15]_div_4/Mcompar_o<9>_cy<5> (alu/A[15]_B[15]_div_4_OUT<9>)
     LUT5:I4->O            5   0.205   0.943  alu/A[15]_B[15]_div_4/Mmux_a[0]_GND_12_o_MUX_489_o111 (alu/A[15]_B[15]_div_4/a[10]_GND_12_o_MUX_479_o)
     LUT4:I1->O            1   0.205   0.000  alu/A[15]_B[15]_div_4/Mcompar_o<8>_lut<1> (alu/A[15]_B[15]_div_4/Mcompar_o<8>_lut<1>)
     MUXCY:S->O            1   0.172   0.000  alu/A[15]_B[15]_div_4/Mcompar_o<8>_cy<1> (alu/A[15]_B[15]_div_4/Mcompar_o<8>_cy<1>)
     MUXCY:CI->O           1   0.019   0.000  alu/A[15]_B[15]_div_4/Mcompar_o<8>_cy<2> (alu/A[15]_B[15]_div_4/Mcompar_o<8>_cy<2>)
     MUXCY:CI->O           1   0.019   0.000  alu/A[15]_B[15]_div_4/Mcompar_o<8>_cy<3> (alu/A[15]_B[15]_div_4/Mcompar_o<8>_cy<3>)
     MUXCY:CI->O           1   0.019   0.000  alu/A[15]_B[15]_div_4/Mcompar_o<8>_cy<4> (alu/A[15]_B[15]_div_4/Mcompar_o<8>_cy<4>)
     MUXCY:CI->O          32   0.213   1.292  alu/A[15]_B[15]_div_4/Mcompar_o<8>_cy<5> (alu/A[15]_B[15]_div_4_OUT<8>)
     LUT3:I2->O            3   0.205   0.898  alu/A[15]_B[15]_div_4/Mmux_a[0]_GND_12_o_MUX_537_o1141 (alu/A[15]_B[15]_div_4/a[8]_GND_12_o_MUX_529_o)
     LUT4:I0->O            0   0.203   0.000  alu/A[15]_B[15]_div_4/Mcompar_o<7>_lutdi (alu/A[15]_B[15]_div_4/Mcompar_o<7>_lutdi)
     MUXCY:DI->O           1   0.145   0.000  alu/A[15]_B[15]_div_4/Mcompar_o<7>_cy<0> (alu/A[15]_B[15]_div_4/Mcompar_o<7>_cy<0>)
     MUXCY:CI->O           1   0.019   0.000  alu/A[15]_B[15]_div_4/Mcompar_o<7>_cy<1> (alu/A[15]_B[15]_div_4/Mcompar_o<7>_cy<1>)
     MUXCY:CI->O           1   0.019   0.000  alu/A[15]_B[15]_div_4/Mcompar_o<7>_cy<2> (alu/A[15]_B[15]_div_4/Mcompar_o<7>_cy<2>)
     MUXCY:CI->O           1   0.019   0.000  alu/A[15]_B[15]_div_4/Mcompar_o<7>_cy<3> (alu/A[15]_B[15]_div_4/Mcompar_o<7>_cy<3>)
     MUXCY:CI->O           1   0.019   0.000  alu/A[15]_B[15]_div_4/Mcompar_o<7>_cy<4> (alu/A[15]_B[15]_div_4/Mcompar_o<7>_cy<4>)
     MUXCY:CI->O          30   0.213   1.264  alu/A[15]_B[15]_div_4/Mcompar_o<7>_cy<5> (alu/A[15]_B[15]_div_4_OUT<7>)
     LUT5:I4->O            5   0.205   0.943  alu/A[15]_B[15]_div_4/Mmux_a[0]_GND_12_o_MUX_583_o1141 (alu/A[15]_B[15]_div_4/a[8]_GND_12_o_MUX_575_o)
     LUT4:I1->O            1   0.205   0.000  alu/A[15]_B[15]_div_4/Mcompar_o<6>_lut<1> (alu/A[15]_B[15]_div_4/Mcompar_o<6>_lut<1>)
     MUXCY:S->O            1   0.172   0.000  alu/A[15]_B[15]_div_4/Mcompar_o<6>_cy<1> (alu/A[15]_B[15]_div_4/Mcompar_o<6>_cy<1>)
     MUXCY:CI->O           1   0.019   0.000  alu/A[15]_B[15]_div_4/Mcompar_o<6>_cy<2> (alu/A[15]_B[15]_div_4/Mcompar_o<6>_cy<2>)
     MUXCY:CI->O           1   0.019   0.000  alu/A[15]_B[15]_div_4/Mcompar_o<6>_cy<3> (alu/A[15]_B[15]_div_4/Mcompar_o<6>_cy<3>)
     MUXCY:CI->O           1   0.019   0.000  alu/A[15]_B[15]_div_4/Mcompar_o<6>_cy<4> (alu/A[15]_B[15]_div_4/Mcompar_o<6>_cy<4>)
     MUXCY:CI->O          40   0.213   1.406  alu/A[15]_B[15]_div_4/Mcompar_o<6>_cy<5> (alu/A[15]_B[15]_div_4_OUT<6>)
     LUT3:I2->O            3   0.205   0.898  alu/A[15]_B[15]_div_4/Mmux_a[0]_GND_12_o_MUX_627_o1121 (alu/A[15]_B[15]_div_4/a[6]_GND_12_o_MUX_621_o)
     LUT4:I0->O            0   0.203   0.000  alu/A[15]_B[15]_div_4/Mcompar_o<5>_lutdi (alu/A[15]_B[15]_div_4/Mcompar_o<5>_lutdi)
     MUXCY:DI->O           1   0.145   0.000  alu/A[15]_B[15]_div_4/Mcompar_o<5>_cy<0> (alu/A[15]_B[15]_div_4/Mcompar_o<5>_cy<0>)
     MUXCY:CI->O           1   0.019   0.000  alu/A[15]_B[15]_div_4/Mcompar_o<5>_cy<1> (alu/A[15]_B[15]_div_4/Mcompar_o<5>_cy<1>)
     MUXCY:CI->O           1   0.019   0.000  alu/A[15]_B[15]_div_4/Mcompar_o<5>_cy<2> (alu/A[15]_B[15]_div_4/Mcompar_o<5>_cy<2>)
     MUXCY:CI->O           1   0.019   0.000  alu/A[15]_B[15]_div_4/Mcompar_o<5>_cy<3> (alu/A[15]_B[15]_div_4/Mcompar_o<5>_cy<3>)
     MUXCY:CI->O           1   0.019   0.000  alu/A[15]_B[15]_div_4/Mcompar_o<5>_cy<4> (alu/A[15]_B[15]_div_4/Mcompar_o<5>_cy<4>)
     MUXCY:CI->O           1   0.019   0.000  alu/A[15]_B[15]_div_4/Mcompar_o<5>_cy<5> (alu/A[15]_B[15]_div_4/Mcompar_o<5>_cy<5>)
     MUXCY:CI->O          36   0.213   1.349  alu/A[15]_B[15]_div_4/Mcompar_o<5>_cy<6> (alu/A[15]_B[15]_div_4_OUT<5>)
     LUT5:I4->O            5   0.205   0.943  alu/A[15]_B[15]_div_4/Mmux_a[0]_GND_12_o_MUX_669_o1121 (alu/A[15]_B[15]_div_4/a[6]_GND_12_o_MUX_663_o)
     LUT4:I1->O            1   0.205   0.000  alu/A[15]_B[15]_div_4/Mcompar_o<4>_lut<1> (alu/A[15]_B[15]_div_4/Mcompar_o<4>_lut<1>)
     MUXCY:S->O            1   0.172   0.000  alu/A[15]_B[15]_div_4/Mcompar_o<4>_cy<1> (alu/A[15]_B[15]_div_4/Mcompar_o<4>_cy<1>)
     MUXCY:CI->O           1   0.019   0.000  alu/A[15]_B[15]_div_4/Mcompar_o<4>_cy<2> (alu/A[15]_B[15]_div_4/Mcompar_o<4>_cy<2>)
     MUXCY:CI->O           1   0.019   0.000  alu/A[15]_B[15]_div_4/Mcompar_o<4>_cy<3> (alu/A[15]_B[15]_div_4/Mcompar_o<4>_cy<3>)
     MUXCY:CI->O           1   0.019   0.000  alu/A[15]_B[15]_div_4/Mcompar_o<4>_cy<4> (alu/A[15]_B[15]_div_4/Mcompar_o<4>_cy<4>)
     MUXCY:CI->O           1   0.019   0.000  alu/A[15]_B[15]_div_4/Mcompar_o<4>_cy<5> (alu/A[15]_B[15]_div_4/Mcompar_o<4>_cy<5>)
     MUXCY:CI->O          49   0.213   1.534  alu/A[15]_B[15]_div_4/Mcompar_o<4>_cy<6> (alu/A[15]_B[15]_div_4_OUT<4>)
     LUT3:I2->O            4   0.205   0.931  alu/A[15]_B[15]_div_4/Mmux_a[0]_GND_12_o_MUX_709_o1101 (alu/A[15]_B[15]_div_4/a[4]_GND_12_o_MUX_705_o)
     LUT4:I0->O            0   0.203   0.000  alu/A[15]_B[15]_div_4/Mcompar_o<3>_lutdi (alu/A[15]_B[15]_div_4/Mcompar_o<3>_lutdi)
     MUXCY:DI->O           1   0.145   0.000  alu/A[15]_B[15]_div_4/Mcompar_o<3>_cy<0> (alu/A[15]_B[15]_div_4/Mcompar_o<3>_cy<0>)
     MUXCY:CI->O           1   0.019   0.000  alu/A[15]_B[15]_div_4/Mcompar_o<3>_cy<1> (alu/A[15]_B[15]_div_4/Mcompar_o<3>_cy<1>)
     MUXCY:CI->O           1   0.019   0.000  alu/A[15]_B[15]_div_4/Mcompar_o<3>_cy<2> (alu/A[15]_B[15]_div_4/Mcompar_o<3>_cy<2>)
     MUXCY:CI->O           1   0.019   0.000  alu/A[15]_B[15]_div_4/Mcompar_o<3>_cy<3> (alu/A[15]_B[15]_div_4/Mcompar_o<3>_cy<3>)
     MUXCY:CI->O           1   0.019   0.000  alu/A[15]_B[15]_div_4/Mcompar_o<3>_cy<4> (alu/A[15]_B[15]_div_4/Mcompar_o<3>_cy<4>)
     MUXCY:CI->O           1   0.019   0.000  alu/A[15]_B[15]_div_4/Mcompar_o<3>_cy<5> (alu/A[15]_B[15]_div_4/Mcompar_o<3>_cy<5>)
     MUXCY:CI->O          51   0.019   1.555  alu/A[15]_B[15]_div_4/Mcompar_o<3>_cy<6> (alu/A[15]_B[15]_div_4_OUT<3>)
     LUT3:I2->O            3   0.205   0.898  alu/A[15]_B[15]_div_4/Mmux_a[0]_GND_12_o_MUX_747_o191 (alu/A[15]_B[15]_div_4/a[3]_GND_12_o_MUX_744_o)
     LUT4:I0->O            0   0.203   0.000  alu/A[15]_B[15]_div_4/Mcompar_o<2>_lutdi (alu/A[15]_B[15]_div_4/Mcompar_o<2>_lutdi)
     MUXCY:DI->O           1   0.145   0.000  alu/A[15]_B[15]_div_4/Mcompar_o<2>_cy<0> (alu/A[15]_B[15]_div_4/Mcompar_o<2>_cy<0>)
     MUXCY:CI->O           1   0.019   0.000  alu/A[15]_B[15]_div_4/Mcompar_o<2>_cy<1> (alu/A[15]_B[15]_div_4/Mcompar_o<2>_cy<1>)
     MUXCY:CI->O           1   0.019   0.000  alu/A[15]_B[15]_div_4/Mcompar_o<2>_cy<2> (alu/A[15]_B[15]_div_4/Mcompar_o<2>_cy<2>)
     MUXCY:CI->O           1   0.019   0.000  alu/A[15]_B[15]_div_4/Mcompar_o<2>_cy<3> (alu/A[15]_B[15]_div_4/Mcompar_o<2>_cy<3>)
     MUXCY:CI->O           1   0.019   0.000  alu/A[15]_B[15]_div_4/Mcompar_o<2>_cy<4> (alu/A[15]_B[15]_div_4/Mcompar_o<2>_cy<4>)
     MUXCY:CI->O           1   0.019   0.000  alu/A[15]_B[15]_div_4/Mcompar_o<2>_cy<5> (alu/A[15]_B[15]_div_4/Mcompar_o<2>_cy<5>)
     MUXCY:CI->O           1   0.019   0.000  alu/A[15]_B[15]_div_4/Mcompar_o<2>_cy<6> (alu/A[15]_B[15]_div_4/Mcompar_o<2>_cy<6>)
     MUXCY:CI->O          43   0.019   1.449  alu/A[15]_B[15]_div_4/Mcompar_o<2>_cy<7> (alu/A[15]_B[15]_div_4_OUT<2>)
     LUT3:I2->O            2   0.205   0.864  alu/A[15]_B[15]_div_4/Mmux_a[0]_GND_12_o_MUX_783_o181 (alu/A[15]_B[15]_div_4/a[2]_GND_12_o_MUX_781_o)
     LUT4:I0->O            0   0.203   0.000  alu/A[15]_B[15]_div_4/Mcompar_o<1>_lutdi (alu/A[15]_B[15]_div_4/Mcompar_o<1>_lutdi)
     MUXCY:DI->O           1   0.145   0.000  alu/A[15]_B[15]_div_4/Mcompar_o<1>_cy<0> (alu/A[15]_B[15]_div_4/Mcompar_o<1>_cy<0>)
     MUXCY:CI->O           1   0.019   0.000  alu/A[15]_B[15]_div_4/Mcompar_o<1>_cy<1> (alu/A[15]_B[15]_div_4/Mcompar_o<1>_cy<1>)
     MUXCY:CI->O           1   0.019   0.000  alu/A[15]_B[15]_div_4/Mcompar_o<1>_cy<2> (alu/A[15]_B[15]_div_4/Mcompar_o<1>_cy<2>)
     MUXCY:CI->O           1   0.019   0.000  alu/A[15]_B[15]_div_4/Mcompar_o<1>_cy<3> (alu/A[15]_B[15]_div_4/Mcompar_o<1>_cy<3>)
     MUXCY:CI->O           1   0.019   0.000  alu/A[15]_B[15]_div_4/Mcompar_o<1>_cy<4> (alu/A[15]_B[15]_div_4/Mcompar_o<1>_cy<4>)
     MUXCY:CI->O           1   0.019   0.000  alu/A[15]_B[15]_div_4/Mcompar_o<1>_cy<5> (alu/A[15]_B[15]_div_4/Mcompar_o<1>_cy<5>)
     MUXCY:CI->O           1   0.019   0.000  alu/A[15]_B[15]_div_4/Mcompar_o<1>_cy<6> (alu/A[15]_B[15]_div_4/Mcompar_o<1>_cy<6>)
     MUXCY:CI->O          17   0.019   1.028  alu/A[15]_B[15]_div_4/Mcompar_o<1>_cy<7> (alu/A[15]_B[15]_div_4_OUT<1>)
     LUT3:I2->O            2   0.205   0.864  alu/A[15]_B[15]_div_4/Mmux_n095081 (alu/A[15]_B[15]_div_4/n0950<1>)
     LUT4:I0->O            0   0.203   0.000  alu/A[15]_B[15]_div_4/Mcompar_o<0>_lutdi (alu/A[15]_B[15]_div_4/Mcompar_o<0>_lutdi)
     MUXCY:DI->O           1   0.145   0.000  alu/A[15]_B[15]_div_4/Mcompar_o<0>_cy<0> (alu/A[15]_B[15]_div_4/Mcompar_o<0>_cy<0>)
     MUXCY:CI->O           1   0.019   0.000  alu/A[15]_B[15]_div_4/Mcompar_o<0>_cy<1> (alu/A[15]_B[15]_div_4/Mcompar_o<0>_cy<1>)
     MUXCY:CI->O           1   0.019   0.000  alu/A[15]_B[15]_div_4/Mcompar_o<0>_cy<2> (alu/A[15]_B[15]_div_4/Mcompar_o<0>_cy<2>)
     MUXCY:CI->O           1   0.019   0.000  alu/A[15]_B[15]_div_4/Mcompar_o<0>_cy<3> (alu/A[15]_B[15]_div_4/Mcompar_o<0>_cy<3>)
     MUXCY:CI->O           1   0.019   0.000  alu/A[15]_B[15]_div_4/Mcompar_o<0>_cy<4> (alu/A[15]_B[15]_div_4/Mcompar_o<0>_cy<4>)
     MUXCY:CI->O           1   0.019   0.000  alu/A[15]_B[15]_div_4/Mcompar_o<0>_cy<5> (alu/A[15]_B[15]_div_4/Mcompar_o<0>_cy<5>)
     MUXCY:CI->O           1   0.019   0.000  alu/A[15]_B[15]_div_4/Mcompar_o<0>_cy<6> (alu/A[15]_B[15]_div_4/Mcompar_o<0>_cy<6>)
     MUXCY:CI->O           2   0.213   0.617  alu/A[15]_B[15]_div_4/Mcompar_o<0>_cy<7> (alu/A[15]_B[15]_div_4_OUT<0>)
     LUT6:I5->O            1   0.205   0.000  alu/Mmux_C12_rs_lut<0> (alu/Mmux_C12_rs_lut<0>)
     MUXCY:S->O            1   0.172   0.000  alu/Mmux_C12_rs_cy<0> (alu/Mmux_C12_rs_cy<0>)
     MUXCY:CI->O           1   0.019   0.000  alu/Mmux_C12_rs_cy<1> (alu/Mmux_C12_rs_cy<1>)
     MUXCY:CI->O           1   0.019   0.000  alu/Mmux_C12_rs_cy<2> (alu/Mmux_C12_rs_cy<2>)
     MUXCY:CI->O           1   0.019   0.000  alu/Mmux_C12_rs_cy<3> (alu/Mmux_C12_rs_cy<3>)
     MUXCY:CI->O           1   0.019   0.000  alu/Mmux_C12_rs_cy<4> (alu/Mmux_C12_rs_cy<4>)
     MUXCY:CI->O           1   0.019   0.000  alu/Mmux_C12_rs_cy<5> (alu/Mmux_C12_rs_cy<5>)
     MUXCY:CI->O           1   0.019   0.000  alu/Mmux_C12_rs_cy<6> (alu/Mmux_C12_rs_cy<6>)
     XORCY:CI->O           7   0.180   0.774  alu/Mmux_C12_rs_xor<7> (c<7>)
     LUT3:I2->O            1   0.205   0.000  pc/Mcount_addr_lut<7> (pc/Mcount_addr_lut<7>)
     MUXCY:S->O            0   0.172   0.000  pc/Mcount_addr_cy<7> (pc/Mcount_addr_cy<7>)
     XORCY:CI->O           1   0.180   0.000  pc/Mcount_addr_xor<8> (pc/Mcount_addr8)
     FDE:D                     0.102          pc/addr_8
    ----------------------------------------
    Total                     47.397ns (14.099ns logic, 33.298ns route)
                                       (29.7% logic, 70.3% route)

=========================================================================
Timing constraint: Default OFFSET OUT AFTER for Clock 'clk'
  Total number of paths / destination ports: 49 / 35
-------------------------------------------------------------------------
Offset:              6.332ns (Levels of Logic = 3)
  Source:            cntr/address_3 (FF)
  Destination:       wr (PAD)
  Source Clock:      clk falling

  Data Path: cntr/address_3 to wr
                                Gate     Net
    Cell:in->out      fanout   Delay   Delay  Logical Name (Net Name)
    ----------------------------------------  ------------
     FDRE_1:C->Q          25   0.447   1.297  cntr/address_3 (cntr/address_3)
     LUT3:I1->O            8   0.203   1.031  cntr_Mram_ROM511_SW0 (cntr_N29)
     LUT6:I3->O            1   0.205   0.579  cntr_Mram_ROM911 (wr_OBUF)
     OBUF:I->O                 2.571          wr_OBUF (wr)
    ----------------------------------------
    Total                      6.332ns (3.426ns logic, 2.906ns route)
                                       (54.1% logic, 45.9% route)

=========================================================================

Cross Clock Domains Report:
--------------------------

Clock to Setup on destination clock alu/control[3]_GND_13_o_Mux_13_o
---------------+---------+---------+---------+---------+
               | Src:Rise| Src:Fall| Src:Rise| Src:Fall|
Source Clock   |Dest:Rise|Dest:Rise|Dest:Fall|Dest:Fall|
---------------+---------+---------+---------+---------+
clk            |         |         |   10.196|         |
---------------+---------+---------+---------+---------+

Clock to Setup on destination clock clk
--------------------------------+---------+---------+---------+---------+
                                | Src:Rise| Src:Fall| Src:Rise| Src:Fall|
Source Clock                    |Dest:Rise|Dest:Rise|Dest:Fall|Dest:Fall|
--------------------------------+---------+---------+---------+---------+
alu/control[3]_GND_13_o_Mux_13_o|         |    1.179|         |         |
clk                             |   46.602|   49.682|    5.235|         |
--------------------------------+---------+---------+---------+---------+

=========================================================================


Total REAL time to Xst completion: 21.00 secs
Total CPU time to Xst completion: 21.06 secs
 
--> 

Total memory usage is 296180 kilobytes

Number of errors   :    0 (   0 filtered)
Number of warnings :   17 (   0 filtered)
Number of infos    :    3 (   0 filtered)

